2023-05-27 15:05 ERROR totetsu1.TotetsuPDFController2 :
                 java.lang.ArrayIndexOutOfBoundsException: Index 1 out of bounds for length 1 
2023-05-27 15:05 ERROR totetsu1.TotetsuPDFController2 :
                 東鉄のPDFではありません。 
2023-05-27 15:05 INFO  totetsu1.TotetsuPDFController2 :
                 43-1X10586-ミルシート_20220420_688226_20220509.pdf 
2023-05-27 15:05 ERROR totetsu1.TotetsuPDFController2 :
                 java.text.ParseException: Unparseable date: "2022/04/20" 
2023-05-27 15:05 ERROR totetsu1.TotetsuPDFController2 :
                 東鉄のPDFではありません。 
2023-05-27 15:05 INFO  totetsu1.TotetsuPDFController2 :
                 43-1X10981-ミルシート_20220323_681608_20220422.pdf 
2023-05-27 15:05 ERROR totetsu1.TotetsuPDFController2 :
                 java.text.ParseException: Unparseable date: "2022/03/23" 
2023-05-27 15:05 ERROR totetsu1.TotetsuPDFController2 :
                 東鉄のPDFではありません。 
2023-05-27 15:05 INFO  totetsu1.TotetsuPDFController2 :
                 43-1X10981-ミルシート_20220323_681609_20220422.pdf 
2023-05-27 15:05 ERROR totetsu1.TotetsuPDFController2 :
                 java.text.ParseException: Unparseable date: "2022/03/23" 
2023-05-27 15:05 ERROR totetsu1.TotetsuPDFController2 :
                 東鉄のPDFではありません。 
2023-05-27 15:05 INFO  totetsu1.TotetsuPDFController2 :
                 43-1X10981-ミルシート_20220323_681610_20220422.pdf 
2023-05-27 15:05 ERROR totetsu1.TotetsuPDFController2 :
                 java.text.ParseException: Unparseable date: "2022/03/23" 
2023-05-27 15:05 ERROR totetsu1.TotetsuPDFController2 :
                 東鉄のPDFではありません。 
2023-05-27 15:05 INFO  totetsu1.TotetsuPDFController2 :
                 43-1X10981-ミルシート_20220323_681611_20220422.pdf 
2023-05-27 15:05 ERROR totetsu1.TotetsuPDFController2 :
                 java.text.ParseException: Unparseable date: "2022/03/23" 
2023-05-27 15:05 ERROR totetsu1.TotetsuPDFController2 :
                 東鉄のPDFではありません。 
2023-05-27 15:05 INFO  totetsu1.TotetsuPDFController2 :
                 43-1X10981-ミルシート_20220323_681612_20220422.pdf 
2023-05-27 15:05 ERROR totetsu1.TotetsuPDFController2 :
                 java.text.ParseException: Unparseable date: "2022/03/23" 
2023-05-27 15:05 ERROR totetsu1.TotetsuPDFController2 :
                 東鉄のPDFではありません。 
2023-05-27 15:05 INFO  totetsu1.TotetsuPDFController2 :
                 43-1X10981-ミルシート_20220420_688227_20220509.pdf 
2023-05-27 15:05 ERROR totetsu1.TotetsuPDFController2 :
                 java.text.ParseException: Unparseable date: "2022/04/20" 
2023-05-27 15:05 ERROR totetsu1.TotetsuPDFController2 :
                 東鉄のPDFではありません。 
2023-05-27 15:05 INFO  totetsu1.TotetsuPDFController2 :
                 43-1X11098-ミルシート_20220323_681613_20220422.pdf 
2023-05-27 15:05 ERROR totetsu1.TotetsuPDFController2 :
                 java.text.ParseException: Unparseable date: "2022/03/23" 
2023-05-27 15:05 ERROR totetsu1.TotetsuPDFController2 :
                 東鉄のPDFではありません。 
2023-05-27 15:05 INFO  totetsu1.TotetsuPDFController2 :
                 43-1X11098-ミルシート_20220323_681614_20220422.pdf 
2023-05-27 15:05 ERROR totetsu1.TotetsuPDFController2 :
                 java.text.ParseException: Unparseable date: "2022/03/23" 
2023-05-27 15:05 ERROR totetsu1.TotetsuPDFController2 :
                 東鉄のPDFではありません。 
2023-05-27 15:05 INFO  totetsu1.TotetsuPDFController2 :
                 43-1X11098-ミルシート_20220323_681615_20220422.pdf 
2023-05-27 15:05 ERROR totetsu1.TotetsuPDFController2 :
                 java.text.ParseException: Unparseable date: "2022/03/23" 
2023-05-27 15:05 ERROR totetsu1.TotetsuPDFController2 :
                 東鉄のPDFではありません。 
2023-05-27 15:05 INFO  totetsu1.TotetsuPDFController2 :
                 43-1X11098-ミルシート_20220323_681616_20220422.pdf 
2023-05-27 15:05 ERROR totetsu1.TotetsuPDFController2 :
                 java.text.ParseException: Unparseable date: "2022/03/23" 
2023-05-27 15:05 ERROR totetsu1.TotetsuPDFController2 :
                 東鉄のPDFではありません。 
2023-05-27 15:05 INFO  totetsu1.TotetsuPDFController2 :
                 43-1X11098-ミルシート_20220323_681617_20220422.pdf 
2023-05-27 15:05 ERROR totetsu1.TotetsuPDFController2 :
                 java.text.ParseException: Unparseable date: "2022/03/23" 
2023-05-27 15:05 ERROR totetsu1.TotetsuPDFController2 :
                 東鉄のPDFではありません。 
2023-05-27 15:05 INFO  totetsu1.TotetsuPDFController2 :
                 43-1X11098-ミルシート_20220323_681618_20220422.pdf 
2023-05-27 15:05 ERROR totetsu1.TotetsuPDFController2 :
                 java.text.ParseException: Unparseable date: "2022/03/23" 
2023-05-27 15:05 ERROR totetsu1.TotetsuPDFController2 :
                 東鉄のPDFではありません。 
2023-05-27 15:05 INFO  totetsu1.TotetsuPDFController2 :
                 43-1X11098-ミルシート_20220323_681619_20220422.pdf 
2023-05-27 15:05 ERROR totetsu1.TotetsuPDFController2 :
                 java.text.ParseException: Unparseable date: "2022/03/23" 
2023-05-27 15:05 ERROR totetsu1.TotetsuPDFController2 :
                 東鉄のPDFではありません。 
2023-05-27 15:05 INFO  totetsu1.TotetsuPDFController2 :
                 43-1X11098-ミルシート_20220420_688228_20220509.pdf 
2023-05-27 15:05 ERROR totetsu1.TotetsuPDFController2 :
                 java.text.ParseException: Unparseable date: "2022/04/20" 
2023-05-27 15:05 ERROR totetsu1.TotetsuPDFController2 :
                 東鉄のPDFではありません。 
2023-05-27 15:05 INFO  totetsu1.TotetsuPDFController2 :
                 43-1X11098-ミルシート_20220420_688229_20220509.pdf 
2023-05-27 15:05 ERROR totetsu1.TotetsuPDFController2 :
                 java.text.ParseException: Unparseable date: "2022/04/20" 
2023-05-27 15:05 ERROR totetsu1.TotetsuPDFController2 :
                 東鉄のPDFではありません。 
2023-05-27 15:05 INFO  totetsu1.TotetsuPDFController2 :
                 43-1X11098-ミルシート_20220420_688230_20220509.pdf 
2023-05-27 15:05 ERROR totetsu1.TotetsuPDFController2 :
                 java.text.ParseException: Unparseable date: "2022/04/20" 
2023-05-27 15:05 ERROR totetsu1.TotetsuPDFController2 :
                 東鉄のPDFではありません。 
2023-05-27 15:05 INFO  totetsu1.TotetsuPDFController2 :
                 43-1X11098-ミルシート_20220420_688231_20220509.pdf 
2023-05-27 15:05 ERROR totetsu1.TotetsuPDFController2 :
                 java.text.ParseException: Unparseable date: "2022/04/20" 
2023-05-27 15:05 ERROR totetsu1.TotetsuPDFController2 :
                 東鉄のPDFではありません。 
2023-05-27 15:05 INFO  totetsu1.TotetsuPDFController2 :
                 43-1X11098-ミルシート_20220420_688232_20220509.pdf 
2023-05-27 15:05 ERROR totetsu1.TotetsuPDFController2 :
                 java.text.ParseException: Unparseable date: "2022/04/20" 
2023-05-27 15:05 ERROR totetsu1.TotetsuPDFController2 :
                 東鉄のPDFではありません。 
2023-05-27 15:05 INFO  totetsu1.TotetsuPDFController2 :
                 43-1X11171-ミルシート_20220323_681620_20220422.pdf 
2023-05-27 15:05 ERROR totetsu1.TotetsuPDFController2 :
                 java.text.ParseException: Unparseable date: "2022/03/23" 
2023-05-27 15:05 ERROR totetsu1.TotetsuPDFController2 :
                 東鉄のPDFではありません。 
2023-05-27 15:05 INFO  totetsu1.TotetsuPDFController2 :
                 43-1X11171-ミルシート_20220323_681628_20220422.pdf 
2023-05-27 15:05 ERROR totetsu1.TotetsuPDFController2 :
                 java.text.ParseException: Unparseable date: "2022/03/23" 
2023-05-27 15:05 ERROR totetsu1.TotetsuPDFController2 :
                 東鉄のPDFではありません。 
2023-05-27 15:05 INFO  totetsu1.TotetsuPDFController2 :
                 43-1X11171-ミルシート_20220420_688233_20220509.pdf 
2023-05-27 15:05 ERROR totetsu1.TotetsuPDFController2 :
                 java.text.ParseException: Unparseable date: "2022/04/20" 
2023-05-27 15:05 ERROR totetsu1.TotetsuPDFController2 :
                 東鉄のPDFではありません。 
2023-05-27 15:05 INFO  totetsu1.TotetsuPDFController2 :
                 43-1X11171-ミルシート_20220420_688234_20220509.pdf 
2023-05-27 15:05 ERROR totetsu1.TotetsuPDFController2 :
                 java.text.ParseException: Unparseable date: "2022/04/20" 
2023-05-27 15:05 ERROR totetsu1.TotetsuPDFController2 :
                 東鉄のPDFではありません。 
2023-05-27 15:05 INFO  totetsu1.TotetsuPDFController2 :
                 43-1X11171-ミルシート_20220420_688235_20220509.pdf 
2023-05-27 15:05 ERROR totetsu1.TotetsuPDFController2 :
                 java.text.ParseException: Unparseable date: "2022/04/20" 
2023-05-27 15:05 ERROR totetsu1.TotetsuPDFController2 :
                 東鉄のPDFではありません。 
2023-05-27 15:05 INFO  totetsu1.TotetsuPDFController2 :
                 43-1X11171-ミルシート_20220420_688236_20220509.pdf 
2023-05-27 15:05 ERROR totetsu1.TotetsuPDFController2 :
                 java.text.ParseException: Unparseable date: "2022/04/20" 
2023-05-27 15:05 ERROR totetsu1.TotetsuPDFController2 :
                 東鉄のPDFではありません。 
2023-05-27 15:05 INFO  totetsu1.TotetsuPDFController2 :
                 43-1X11171-ミルシート_20220420_688237_20220509.pdf 
2023-05-27 15:05 ERROR totetsu1.TotetsuPDFController2 :
                 java.text.ParseException: Unparseable date: "2022/04/20" 
2023-05-27 15:05 ERROR totetsu1.TotetsuPDFController2 :
                 東鉄のPDFではありません。 
2023-05-27 15:05 INFO  totetsu1.TotetsuPDFController2 :
                 43-1X11171-ミルシート_20220518_693238_20220525.pdf 
2023-05-27 15:05 ERROR totetsu1.TotetsuPDFController2 :
                 java.text.ParseException: Unparseable date: "2022/05/18" 
2023-05-27 15:05 ERROR totetsu1.TotetsuPDFController2 :
                 東鉄のPDFではありません。 
2023-05-27 15:05 INFO  totetsu1.TotetsuPDFController2 :
                 43-1X11171-ミルシート_20220518_693239_20220525.pdf-.pdf 
2023-05-27 15:05 ERROR totetsu1.TotetsuPDFController2 :
                 java.text.ParseException: Unparseable date: "2022/05/18" 
2023-05-27 15:05 ERROR totetsu1.TotetsuPDFController2 :
                 東鉄のPDFではありません。 
2023-05-27 15:05 INFO  totetsu1.TotetsuPDFController2 :
                 43-1X11171-ミルシート_20220518_693240_20220525.pdf 
2023-05-27 15:05 ERROR totetsu1.TotetsuPDFController2 :
                 java.text.ParseException: Unparseable date: "2022/05/18" 
2023-05-27 15:05 ERROR totetsu1.TotetsuPDFController2 :
                 東鉄のPDFではありません。 
2023-05-27 15:05 INFO  totetsu1.TotetsuPDFController2 :
                 43-1X11172-ミルシート_20220323_681621_20220422.pdf 
2023-05-27 15:05 ERROR totetsu1.TotetsuPDFController2 :
                 java.text.ParseException: Unparseable date: "2022/03/23" 
2023-05-27 15:05 ERROR totetsu1.TotetsuPDFController2 :
                 東鉄のPDFではありません。 
2023-05-27 15:05 INFO  totetsu1.TotetsuPDFController2 :
                 43-1X11172-ミルシート_20220323_681629_20220422.pdf 
2023-05-27 15:05 ERROR totetsu1.TotetsuPDFController2 :
                 java.text.ParseException: Unparseable date: "2022/03/23" 
2023-05-27 15:05 ERROR totetsu1.TotetsuPDFController2 :
                 東鉄のPDFではありません。 
2023-05-27 15:05 INFO  totetsu1.TotetsuPDFController2 :
                 43-1X11172-ミルシート_20220420_688238_20220509.pdf 
2023-05-27 15:05 ERROR totetsu1.TotetsuPDFController2 :
                 java.text.ParseException: Unparseable date: "2022/04/20" 
2023-05-27 15:05 ERROR totetsu1.TotetsuPDFController2 :
                 東鉄のPDFではありません。 
2023-05-27 15:05 INFO  totetsu1.TotetsuPDFController2 :
                 43-1X11172-ミルシート_20220518_693241_20220525.pdf 
2023-05-27 15:05 ERROR totetsu1.TotetsuPDFController2 :
                 java.text.ParseException: Unparseable date: "2022/05/18" 
2023-05-27 15:05 ERROR totetsu1.TotetsuPDFController2 :
                 東鉄のPDFではありません。 
2023-05-27 15:05 INFO  totetsu1.TotetsuPDFController2 :
                 43-1X11172-ミルシート_20220518_693242_20220525.pdf 
2023-05-27 15:05 ERROR totetsu1.TotetsuPDFController2 :
                 java.text.ParseException: Unparseable date: "2022/05/18" 
2023-05-27 15:05 ERROR totetsu1.TotetsuPDFController2 :
                 東鉄のPDFではありません。 
2023-05-27 15:05 INFO  totetsu1.TotetsuPDFController2 :
                 43-1X11263-ミルシート_20220420_688239_20220509.pdf 
2023-05-27 15:05 ERROR totetsu1.TotetsuPDFController2 :
                 java.text.ParseException: Unparseable date: "2022/04/20" 
2023-05-27 15:05 ERROR totetsu1.TotetsuPDFController2 :
                 東鉄のPDFではありません。 
2023-05-27 15:05 INFO  totetsu1.TotetsuPDFController2 :
                 43-1X11263-ミルシート_20220420_688240_20220509.pdf 
2023-05-27 15:05 ERROR totetsu1.TotetsuPDFController2 :
                 java.text.ParseException: Unparseable date: "2022/04/20" 
2023-05-27 15:05 ERROR totetsu1.TotetsuPDFController2 :
                 東鉄のPDFではありません。 
2023-05-27 15:05 INFO  totetsu1.TotetsuPDFController2 :
                 43-1X11263-ミルシート_20220420_688241_20220509.pdf 
2023-05-27 15:05 ERROR totetsu1.TotetsuPDFController2 :
                 java.text.ParseException: Unparseable date: "2022/04/20" 
2023-05-27 15:05 ERROR totetsu1.TotetsuPDFController2 :
                 東鉄のPDFではありません。 
2023-05-27 15:05 INFO  totetsu1.TotetsuPDFController2 :
                 43-1X11263-ミルシート_20220420_688242_20220509.pdf 
2023-05-27 15:05 ERROR totetsu1.TotetsuPDFController2 :
                 java.text.ParseException: Unparseable date: "2022/04/20" 
2023-05-27 15:05 ERROR totetsu1.TotetsuPDFController2 :
                 東鉄のPDFではありません。 
2023-05-27 15:05 INFO  totetsu1.TotetsuPDFController2 :
                 43-1X11263-ミルシート_20220420_688243_20220509.pdf 
2023-05-27 15:05 ERROR totetsu1.TotetsuPDFController2 :
                 java.text.ParseException: Unparseable date: "2022/04/20" 
2023-05-27 15:05 ERROR totetsu1.TotetsuPDFController2 :
                 東鉄のPDFではありません。 
2023-05-27 15:05 INFO  totetsu1.TotetsuPDFController2 :
                 43-1X11263-ミルシート_20220518_693243_20220525.pdf 
2023-05-27 15:05 ERROR totetsu1.TotetsuPDFController2 :
                 java.text.ParseException: Unparseable date: "2022/05/18" 
2023-05-27 15:05 ERROR totetsu1.TotetsuPDFController2 :
                 東鉄のPDFではありません。 
2023-05-27 15:05 INFO  totetsu1.TotetsuPDFController2 :
                 43-1X11263-ミルシート_20220518_693244_20220525.pdf 
2023-05-27 15:05 ERROR totetsu1.TotetsuPDFController2 :
                 java.text.ParseException: Unparseable date: "2022/05/18" 
2023-05-27 15:05 ERROR totetsu1.TotetsuPDFController2 :
                 東鉄のPDFではありません。 
2023-05-27 15:05 INFO  totetsu1.TotetsuPDFController2 :
                 43-1X11263-ミルシート_20220518_693245_20220525.pdf 
2023-05-27 15:05 ERROR totetsu1.TotetsuPDFController2 :
                 java.text.ParseException: Unparseable date: "2022/05/18" 
2023-05-27 15:05 ERROR totetsu1.TotetsuPDFController2 :
                 東鉄のPDFではありません。 
2023-05-27 15:05 INFO  totetsu1.TotetsuPDFController2 :
                 43-1X11263-ミルシート_20220518_693246_20220525.pdf 
2023-05-27 15:05 ERROR totetsu1.TotetsuPDFController2 :
                 java.text.ParseException: Unparseable date: "2022/05/18" 
2023-05-27 15:05 ERROR totetsu1.TotetsuPDFController2 :
                 東鉄のPDFではありません。 
2023-05-27 15:05 INFO  totetsu1.TotetsuPDFController2 :
                 43-1X11263-ミルシート_20220518_693247_20220525.pdf 
2023-05-27 15:05 ERROR totetsu1.TotetsuPDFController2 :
                 java.text.ParseException: Unparseable date: "2022/05/18" 
2023-05-27 15:05 ERROR totetsu1.TotetsuPDFController2 :
                 東鉄のPDFではありません。 
2023-05-27 15:05 INFO  totetsu1.TotetsuPDFController2 :
                 43-1X11263-ミルシート_20220518_693248_20220525.pdf 
2023-05-27 15:05 ERROR totetsu1.TotetsuPDFController2 :
                 java.text.ParseException: Unparseable date: "2022/05/18" 
2023-05-27 15:05 ERROR totetsu1.TotetsuPDFController2 :
                 東鉄のPDFではありません。 
2023-05-27 15:05 INFO  totetsu1.TotetsuPDFController2 :
                 43-1X11263-ミルシート_20220518_693249_20220525.pdf 
2023-05-27 15:05 ERROR totetsu1.TotetsuPDFController2 :
                 java.text.ParseException: Unparseable date: "2022/05/18" 
2023-05-27 15:05 ERROR totetsu1.TotetsuPDFController2 :
                 東鉄のPDFではありません。 
2023-05-27 15:05 INFO  totetsu1.TotetsuPDFController2 :
                 43-1X11263-ミルシート_20220518_693250_20220525.pdf 
2023-05-27 15:05 ERROR totetsu1.TotetsuPDFController2 :
                 java.text.ParseException: Unparseable date: "2022/05/18" 
2023-05-27 15:05 ERROR totetsu1.TotetsuPDFController2 :
                 東鉄のPDFではありません。 
2023-05-27 15:05 INFO  totetsu1.TotetsuPDFController2 :
                 43-1X11263-ミルシート_20220518_693259_20220525.pdf 
2023-05-27 15:05 ERROR totetsu1.TotetsuPDFController2 :
                 java.text.ParseException: Unparseable date: "2022/05/18" 
2023-05-27 15:05 ERROR totetsu1.TotetsuPDFController2 :
                 東鉄のPDFではありません。 
2023-05-27 15:05 INFO  totetsu1.TotetsuPDFController2 :
                 43-1X11264-ミルシート_20220323_681622_20220422.pdf 
2023-05-27 15:05 ERROR totetsu1.TotetsuPDFController2 :
                 java.text.ParseException: Unparseable date: "2022/03/23" 
2023-05-27 15:05 ERROR totetsu1.TotetsuPDFController2 :
                 東鉄のPDFではありません。 
2023-05-27 15:05 INFO  totetsu1.TotetsuPDFController2 :
                 43-1X11264-ミルシート_20220323_681623_20220422.pdf 
2023-05-27 15:05 ERROR totetsu1.TotetsuPDFController2 :
                 java.text.ParseException: Unparseable date: "2022/03/23" 
2023-05-27 15:05 ERROR totetsu1.TotetsuPDFController2 :
                 東鉄のPDFではありません。 
2023-05-27 15:05 INFO  totetsu1.TotetsuPDFController2 :
                 43-1X11264-ミルシート_20220323_681624_20220422.pdf 
2023-05-27 15:05 ERROR totetsu1.TotetsuPDFController2 :
                 java.text.ParseException: Unparseable date: "2022/03/23" 
2023-05-27 15:05 ERROR totetsu1.TotetsuPDFController2 :
                 東鉄のPDFではありません。 
2023-05-27 15:05 INFO  totetsu1.TotetsuPDFController2 :
                 43-1X11264-ミルシート_20220323_681625_20220422.pdf 
2023-05-27 15:05 ERROR totetsu1.TotetsuPDFController2 :
                 java.text.ParseException: Unparseable date: "2022/03/23" 
2023-05-27 15:05 ERROR totetsu1.TotetsuPDFController2 :
                 東鉄のPDFではありません。 
2023-05-27 15:05 INFO  totetsu1.TotetsuPDFController2 :
                 43-1X11264-ミルシート_20220323_681626_20220422.pdf 
2023-05-27 15:05 ERROR totetsu1.TotetsuPDFController2 :
                 java.text.ParseException: Unparseable date: "2022/03/23" 
2023-05-27 15:05 ERROR totetsu1.TotetsuPDFController2 :
                 東鉄のPDFではありません。 
2023-05-27 15:05 INFO  totetsu1.TotetsuPDFController2 :
                 43-1X11264-ミルシート_20220323_681627_20220422.pdf 
2023-05-27 15:05 ERROR totetsu1.TotetsuPDFController2 :
                 java.text.ParseException: Unparseable date: "2022/03/23" 
2023-05-27 15:05 ERROR totetsu1.TotetsuPDFController2 :
                 東鉄のPDFではありません。 
2023-05-27 15:05 INFO  totetsu1.TotetsuPDFController2 :
                 43-1X11265-ミルシート_20220518_693251_20220525.pdf 
2023-05-27 15:05 ERROR totetsu1.TotetsuPDFController2 :
                 java.text.ParseException: Unparseable date: "2022/05/18" 
2023-05-27 15:05 ERROR totetsu1.TotetsuPDFController2 :
                 東鉄のPDFではありません。 
2023-05-27 15:05 INFO  totetsu1.TotetsuPDFController2 :
                 43-1X11265-ミルシート_20220518_693252_20220525.pdf 
2023-05-27 15:05 ERROR totetsu1.TotetsuPDFController2 :
                 java.text.ParseException: Unparseable date: "2022/05/18" 
2023-05-27 15:05 ERROR totetsu1.TotetsuPDFController2 :
                 東鉄のPDFではありません。 
2023-05-27 15:05 INFO  totetsu1.TotetsuPDFController2 :
                 43-1X11265-ミルシート_20220518_693253_20220525.pdf 
2023-05-27 15:05 ERROR totetsu1.TotetsuPDFController2 :
                 java.text.ParseException: Unparseable date: "2022/05/18" 
2023-05-27 15:05 ERROR totetsu1.TotetsuPDFController2 :
                 東鉄のPDFではありません。 
2023-05-27 15:05 INFO  totetsu1.TotetsuPDFController2 :
                 43-1X11265-ミルシート_20220518_693254_20220525.pdf 
2023-05-27 15:05 ERROR totetsu1.TotetsuPDFController2 :
                 java.text.ParseException: Unparseable date: "2022/05/18" 
2023-05-27 15:05 ERROR totetsu1.TotetsuPDFController2 :
                 東鉄のPDFではありません。 
2023-05-27 15:05 INFO  totetsu1.TotetsuPDFController2 :
                 43-1X11265-ミルシート_20220518_693255_20220525.pdf 
2023-05-27 15:05 ERROR totetsu1.TotetsuPDFController2 :
                 java.text.ParseException: Unparseable date: "2022/05/18" 
2023-05-27 15:05 ERROR totetsu1.TotetsuPDFController2 :
                 東鉄のPDFではありません。 
2023-05-27 15:05 INFO  totetsu1.TotetsuPDFController2 :
                 43-1X11265-ミルシート_20220518_693256_20220525.pdf 
2023-05-27 15:05 ERROR totetsu1.TotetsuPDFController2 :
                 java.text.ParseException: Unparseable date: "2022/05/18" 
2023-05-27 15:05 ERROR totetsu1.TotetsuPDFController2 :
                 東鉄のPDFではありません。 
2023-05-27 15:05 INFO  totetsu1.TotetsuPDFController2 :
                 43-1X11265-ミルシート_20220518_693257_20220525.pdf 
2023-05-27 15:05 ERROR totetsu1.TotetsuPDFController2 :
                 java.text.ParseException: Unparseable date: "2022/05/18" 
2023-05-27 15:05 ERROR totetsu1.TotetsuPDFController2 :
                 東鉄のPDFではありません。 
2023-05-27 15:05 INFO  totetsu1.TotetsuPDFController2 :
                 43-1X11265-ミルシート_20220518_693260_20220525.pdf 
2023-05-27 15:05 ERROR totetsu1.TotetsuPDFController2 :
                 java.text.ParseException: Unparseable date: "2022/05/18" 
2023-05-27 15:05 ERROR totetsu1.TotetsuPDFController2 :
                 東鉄のPDFではありません。 
2023-05-27 15:05 INFO  totetsu1.TotetsuPDFController2 :
                 43-1X20024-ミルシート_20220420_688244_20220509.pdf 
