2023-06-05 10:12 INFO  totetsu1.TotetsuHsectionController :
                 2023/5/30 
2023-06-05 10:12 INFO  totetsu1.TotetsuHsectionController :
                 1H28742 
2023-06-05 10:12 INFO  totetsu1.TotetsuHsectionController :
                 size=H446X199X8/12 
2023-06-05 10:12 INFO  totetsu1.TotetsuHsectionController :
                 length=9.0M 
2023-06-05 10:12 INFO  totetsu1.TotetsuHsectionController :
                 bundles=1 
2023-06-05 10:12 INFO  totetsu1.TotetsuHsectionController :
                 piece=4 
2023-06-05 10:12 INFO  totetsu1.TotetsuHsectionController :
                 totalpiece=9 
2023-06-05 10:12 INFO  totetsu1.TotetsuHsectionController :
                 weight=5274 
2023-06-05 10:12 ERROR totetsu1.TotetsuHsectionController :
                 java.lang.ArrayIndexOutOfBoundsException: Index 0 out of bounds for length 0 
2023-06-05 10:12 ERROR totetsu1.TotetsuHsectionController :
                 ìåìSÇÃPDFÇ≈ÇÕÇ†ÇËÇ‹ÇπÇÒÅB 
2023-06-05 10:12 INFO  totetsu1.TotetsuHsectionController :
                 2023/5/30 
2023-06-05 10:12 INFO  totetsu1.TotetsuHsectionController :
                 1H28742 
2023-06-05 10:12 INFO  totetsu1.TotetsuHsectionController :
                 size=H446X199X8/12 
2023-06-05 10:12 INFO  totetsu1.TotetsuHsectionController :
                 length=7.0M 
2023-06-05 10:12 INFO  totetsu1.TotetsuHsectionController :
                 bundles= 
2023-06-05 10:12 INFO  totetsu1.TotetsuHsectionController :
                 piece=1 
2023-06-05 10:12 INFO  totetsu1.TotetsuHsectionController :
                 totalpiece=1 
2023-06-05 10:12 INFO  totetsu1.TotetsuHsectionController :
                 weight=456 
2023-06-05 10:12 ERROR totetsu1.TotetsuHsectionController :
                 java.lang.ArrayIndexOutOfBoundsException: Index 0 out of bounds for length 0 
2023-06-05 10:12 ERROR totetsu1.TotetsuHsectionController :
                 ìåìSÇÃPDFÇ≈ÇÕÇ†ÇËÇ‹ÇπÇÒÅB 
2023-06-05 10:12 INFO  totetsu1.TotetsuHsectionController :
                 2023/5/30 
2023-06-05 10:12 INFO  totetsu1.TotetsuHsectionController :
                 1H28742 
2023-06-05 10:12 INFO  totetsu1.TotetsuHsectionController :
                 size=H446X199X8/12 1 
2023-06-05 10:12 INFO  totetsu1.TotetsuHsectionController :
                 length=10.0M 
2023-06-05 10:12 INFO  totetsu1.TotetsuHsectionController :
                 bundles=2 
2023-06-05 10:12 INFO  totetsu1.TotetsuHsectionController :
                 piece=2 
2023-06-05 10:12 INFO  totetsu1.TotetsuHsectionController :
                 totalpiece=12 
2023-06-05 10:12 INFO  totetsu1.TotetsuHsectionController :
                 weight=7812 
2023-06-05 10:12 ERROR totetsu1.TotetsuHsectionController :
                 java.lang.ArrayIndexOutOfBoundsException: Index 0 out of bounds for length 0 
2023-06-05 10:12 ERROR totetsu1.TotetsuHsectionController :
                 ìåìSÇÃPDFÇ≈ÇÕÇ†ÇËÇ‹ÇπÇÒÅB 
2023-06-05 10:12 INFO  totetsu1.TotetsuHsectionController :
                 2023/5/30 
2023-06-05 10:12 INFO  totetsu1.TotetsuHsectionController :
                 1H30605 
2023-06-05 10:12 INFO  totetsu1.TotetsuHsectionController :
                 size=H450X200X9/14 
2023-06-05 10:12 INFO  totetsu1.TotetsuHsectionController :
                 length=9.0M 
2023-06-05 10:12 INFO  totetsu1.TotetsuHsectionController :
                 bundles= 
2023-06-05 10:12 INFO  totetsu1.TotetsuHsectionController :
                 piece=1 
2023-06-05 10:12 INFO  totetsu1.TotetsuHsectionController :
                 totalpiece=1 
2023-06-05 10:12 INFO  totetsu1.TotetsuHsectionController :
                 weight=674 
2023-06-05 10:12 ERROR totetsu1.TotetsuHsectionController :
                 java.lang.ArrayIndexOutOfBoundsException: Index 0 out of bounds for length 0 
2023-06-05 10:12 ERROR totetsu1.TotetsuHsectionController :
                 ìåìSÇÃPDFÇ≈ÇÕÇ†ÇËÇ‹ÇπÇÒÅB 
2023-06-05 10:12 INFO  totetsu1.TotetsuHsectionController :
                 2023/5/30 
2023-06-05 10:12 INFO  totetsu1.TotetsuHsectionController :
                 1H27850 
2023-06-05 10:12 INFO  totetsu1.TotetsuHsectionController :
                 size=H582X300X12/17 
2023-06-05 10:12 INFO  totetsu1.TotetsuHsectionController :
                 length=7.0M 
2023-06-05 10:12 INFO  totetsu1.TotetsuHsectionController :
                 bundles= 
2023-06-05 10:12 INFO  totetsu1.TotetsuHsectionController :
                 piece=1 
2023-06-05 10:12 INFO  totetsu1.TotetsuHsectionController :
                 totalpiece=1 
2023-06-05 10:12 INFO  totetsu1.TotetsuHsectionController :
                 weight=931 
2023-06-05 10:12 ERROR totetsu1.TotetsuHsectionController :
                 java.lang.ArrayIndexOutOfBoundsException: Index 0 out of bounds for length 0 
2023-06-05 10:12 ERROR totetsu1.TotetsuHsectionController :
                 ìåìSÇÃPDFÇ≈ÇÕÇ†ÇËÇ‹ÇπÇÒÅB 
2023-06-05 10:12 INFO  totetsu1.TotetsuHsectionController :
                 2023/5/30 
2023-06-05 10:12 INFO  totetsu1.TotetsuHsectionController :
                 1H27850 
2023-06-05 10:12 INFO  totetsu1.TotetsuHsectionController :
                 size=H588X300X12/20 
2023-06-05 10:12 INFO  totetsu1.TotetsuHsectionController :
                 length=7.0M 
2023-06-05 10:12 INFO  totetsu1.TotetsuHsectionController :
                 bundles=1 
2023-06-05 10:12 INFO  totetsu1.TotetsuHsectionController :
                 piece= 
2023-06-05 10:12 INFO  totetsu1.TotetsuHsectionController :
                 totalpiece=3 
2023-06-05 10:12 INFO  totetsu1.TotetsuHsectionController :
                 weight=3087 
2023-06-05 10:12 ERROR totetsu1.TotetsuHsectionController :
                 java.lang.ArrayIndexOutOfBoundsException: Index 0 out of bounds for length 0 
2023-06-05 10:12 ERROR totetsu1.TotetsuHsectionController :
                 ìåìSÇÃPDFÇ≈ÇÕÇ†ÇËÇ‹ÇπÇÒÅB 
2023-06-05 10:12 INFO  totetsu1.TotetsuHsectionController :
                 2023/5/30 
2023-06-05 10:12 INFO  totetsu1.TotetsuHsectionController :
                 1H27850 
2023-06-05 10:12 INFO  totetsu1.TotetsuHsectionController :
                 size=H588X300X12/20 
2023-06-05 10:12 INFO  totetsu1.TotetsuHsectionController :
                 length=7.0M 
2023-06-05 10:12 INFO  totetsu1.TotetsuHsectionController :
                 bundles=2 
2023-06-05 10:12 INFO  totetsu1.TotetsuHsectionController :
                 piece= 
2023-06-05 10:12 INFO  totetsu1.TotetsuHsectionController :
                 totalpiece=6 
2023-06-05 10:12 INFO  totetsu1.TotetsuHsectionController :
                 weight=6174 
2023-06-05 10:12 ERROR totetsu1.TotetsuHsectionController :
                 java.lang.ArrayIndexOutOfBoundsException: Index 0 out of bounds for length 0 
2023-06-05 10:12 ERROR totetsu1.TotetsuHsectionController :
                 ìåìSÇÃPDFÇ≈ÇÕÇ†ÇËÇ‹ÇπÇÒÅB 
2023-06-05 10:12 INFO  totetsu1.TotetsuHsectionController :
                 2023/5/30 
2023-06-05 10:12 INFO  totetsu1.TotetsuHsectionController :
                 1H27850 
2023-06-05 10:12 INFO  totetsu1.TotetsuHsectionController :
                 size=H588X300X12/20 
2023-06-05 10:12 INFO  totetsu1.TotetsuHsectionController :
                 length=9.0M 
2023-06-05 10:12 INFO  totetsu1.TotetsuHsectionController :
                 bundles= 
2023-06-05 10:12 INFO  totetsu1.TotetsuHsectionController :
                 piece=2 
2023-06-05 10:12 INFO  totetsu1.TotetsuHsectionController :
                 totalpiece=2 
2023-06-05 10:12 INFO  totetsu1.TotetsuHsectionController :
                 weight=2646 
2023-06-05 10:12 ERROR totetsu1.TotetsuHsectionController :
                 java.lang.ArrayIndexOutOfBoundsException: Index 0 out of bounds for length 0 
2023-06-05 10:12 ERROR totetsu1.TotetsuHsectionController :
                 ìåìSÇÃPDFÇ≈ÇÕÇ†ÇËÇ‹ÇπÇÒÅB 
