2023-03-10 09:44 INFO  SocketTest.server :
                 送受信テストパッケージ開始 
2023-03-10 09:44 INFO  SocketTest.server :
                 ポート番号：11000 
2023-03-10 09:44 INFO  SocketTest.server :
                 実行プログラム一覧&スレッド作成 
2023-03-10 09:44 INFO  SocketTest.server :
                 (0 , files\totetuPDFcontroller_start.bat) 
2023-03-10 09:44 INFO  SocketTest.server :
                 (1 , files\totetuPDFcontroller_start.bat) 
2023-03-10 09:44 INFO  SocketTest.server :
                 一応1秒待ちます 
2023-03-10 09:44 INFO  SocketTest.server :
                 接続開始します： 
2023-03-10 09:44 ERROR SocketTest.server :
                 Address already in use: bind 
2023-03-10 09:44 INFO  SocketTest.server :
                 一応1秒待ちます 
2023-03-10 09:44 INFO  SocketTest.server :
                 接続開始します： 
2023-03-10 09:44 ERROR SocketTest.server :
                 Address already in use: bind 
2023-03-10 09:44 INFO  SocketTest.server :
                 一応1秒待ちます 
2023-03-10 09:45 INFO  SocketTest.server :
                 接続開始します： 
2023-03-10 09:45 ERROR SocketTest.server :
                 Address already in use: bind 
2023-03-10 09:45 INFO  SocketTest.server :
                 一応1秒待ちます 
2023-03-10 09:45 INFO  SocketTest.server :
                 接続開始します： 
2023-03-10 09:45 ERROR SocketTest.server :
                 Address already in use: bind 
2023-03-10 09:45 INFO  SocketTest.server :
                 一応1秒待ちます 
2023-03-10 09:45 INFO  SocketTest.server :
                 接続開始します： 
2023-03-10 09:45 ERROR SocketTest.server :
                 Address already in use: bind 
2023-03-10 09:45 INFO  SocketTest.server :
                 一応1秒待ちます 
2023-03-10 09:45 INFO  SocketTest.server :
                 接続開始します： 
2023-03-10 09:45 ERROR SocketTest.server :
                 Address already in use: bind 
2023-03-10 09:45 INFO  SocketTest.server :
                 一応1秒待ちます 
2023-03-10 09:45 INFO  SocketTest.server :
                 接続開始します： 
2023-03-10 09:45 ERROR SocketTest.server :
                 Address already in use: bind 
2023-03-10 09:45 INFO  SocketTest.server :
                 一応1秒待ちます 
2023-03-10 09:45 INFO  SocketTest.server :
                 接続開始します： 
2023-03-10 09:45 ERROR SocketTest.server :
                 Address already in use: bind 
2023-03-10 09:45 INFO  SocketTest.server :
                 一応1秒待ちます 
2023-03-10 09:45 INFO  SocketTest.server :
                 接続開始します： 
2023-03-10 09:45 ERROR SocketTest.server :
                 Address already in use: bind 
2023-03-10 09:45 INFO  SocketTest.server :
                 一応1秒待ちます 
2023-03-10 09:45 INFO  SocketTest.server :
                 接続開始します： 
2023-03-10 09:45 ERROR SocketTest.server :
                 Address already in use: bind 
2023-03-10 09:45 INFO  SocketTest.server :
                 一応1秒待ちます 
