2023-03-10 09:13 INFO  SocketTest.server :
                 送受信テストパッケージ開始 
2023-03-10 09:13 INFO  SocketTest.server :
                 ポート番号：11000 
2023-03-10 09:13 INFO  SocketTest.server :
                 実行プログラム一覧 
2023-03-10 09:13 INFO  SocketTest.server :
                 (0 , files\totetuPDFcontroller_start.bat) 
2023-03-10 09:13 INFO  SocketTest.server :
                 (1 , files\totetuPDFcontroller_start.bat) 
2023-03-10 09:13 INFO  SocketTest.server :
                 接続開始します： 
2023-03-10 09:13 INFO  SocketTest.server :
                 受信しました： 
2023-03-10 09:13 INFO  SocketTest.server :
                 「0」を受信しました。 
2023-03-10 09:13 INFO  SocketTest.server :
                 一応1秒待ちます 
2023-03-10 09:13 INFO  SocketTest.server :
                 実行します：files\totetuPDFcontroller_start.bat 
2023-03-10 09:13 INFO  SocketTest.server :
                 実行終了しました 
2023-03-10 09:13 INFO  SocketTest.server :
                 受信完了 
2023-03-10 09:13 INFO  SocketTest.server :
                 接続開始します： 
2023-03-10 09:14 INFO  SocketTest.server :
                 受信しました： 
2023-03-10 09:14 INFO  SocketTest.server :
                 「0」を受信しました。 
2023-03-10 09:14 INFO  SocketTest.server :
                 一応1秒待ちます 
2023-03-10 09:14 INFO  SocketTest.server :
                 実行します：files\totetuPDFcontroller_start.bat 
2023-03-10 09:14 INFO  SocketTest.server :
                 実行終了しました 
2023-03-10 09:14 INFO  SocketTest.server :
                 受信完了 
2023-03-10 09:14 INFO  SocketTest.server :
                 接続開始します： 
