2023-06-05 15:13 INFO  totetsu1.TotetsuHsectionController :
                 2023/5/30 
2023-06-05 15:13 INFO  totetsu1.TotetsuHsectionController :
                 1H28742 
2023-06-05 15:13 INFO  totetsu1.TotetsuHsectionController :
                 [Ljava.lang.String;@9cd25ff 
2023-06-05 15:13 INFO  totetsu1.TotetsuHsectionController :
                 [Ljava.lang.String;@514eedd8 
2023-06-05 15:13 INFO  totetsu1.TotetsuHsectionController :
                 [Ljava.lang.String;@3aee3976 
2023-06-05 15:13 INFO  totetsu1.TotetsuHsectionController :
                 [Ljava.lang.String;@8ab78bc 
2023-06-05 15:13 INFO  totetsu1.TotetsuHsectionController :
                 [Ljava.lang.String;@21a5fd96 
2023-06-05 15:13 INFO  totetsu1.TotetsuHsectionController :
                 [Ljava.lang.String;@5a4bef8 
2023-06-05 15:13 INFO  totetsu1.TotetsuHsectionController :
                 [Ljava.lang.String;@200606de 
2023-06-05 15:13 INFO  totetsu1.TotetsuHsectionController :
                 [Ljava.lang.String;@213e3629 
2023-06-05 15:13 ERROR totetsu1.TotetsuHsectionController :
                 java.lang.ArrayIndexOutOfBoundsException: Index 0 out of bounds for length 0 
2023-06-05 15:13 ERROR totetsu1.TotetsuHsectionController :
                 ìåìSÇÃPDFÇ≈ÇÕÇ†ÇËÇ‹ÇπÇÒÅB 
2023-06-05 15:13 INFO  totetsu1.TotetsuHsectionController :
                 2023/5/30 
2023-06-05 15:13 INFO  totetsu1.TotetsuHsectionController :
                 1H28742 
2023-06-05 15:13 INFO  totetsu1.TotetsuHsectionController :
                 [Ljava.lang.String;@2b46a8c1 
2023-06-05 15:13 INFO  totetsu1.TotetsuHsectionController :
                 [Ljava.lang.String;@54e7391d 
2023-06-05 15:13 INFO  totetsu1.TotetsuHsectionController :
                 [Ljava.lang.String;@74d7184a 
2023-06-05 15:13 INFO  totetsu1.TotetsuHsectionController :
                 [Ljava.lang.String;@106faf11 
2023-06-05 15:13 INFO  totetsu1.TotetsuHsectionController :
                 [Ljava.lang.String;@61e3a1fd 
2023-06-05 15:13 INFO  totetsu1.TotetsuHsectionController :
                 [Ljava.lang.String;@79ab3a71 
2023-06-05 15:13 INFO  totetsu1.TotetsuHsectionController :
                 [Ljava.lang.String;@9257031 
2023-06-05 15:13 INFO  totetsu1.TotetsuHsectionController :
                 [Ljava.lang.String;@2237bada 
2023-06-05 15:13 ERROR totetsu1.TotetsuHsectionController :
                 java.lang.ArrayIndexOutOfBoundsException: Index 0 out of bounds for length 0 
2023-06-05 15:13 ERROR totetsu1.TotetsuHsectionController :
                 ìåìSÇÃPDFÇ≈ÇÕÇ†ÇËÇ‹ÇπÇÒÅB 
2023-06-05 15:13 INFO  totetsu1.TotetsuHsectionController :
                 2023/5/30 
2023-06-05 15:13 INFO  totetsu1.TotetsuHsectionController :
                 1H28742 
2023-06-05 15:13 INFO  totetsu1.TotetsuHsectionController :
                 [Ljava.lang.String;@5fa47fea 
2023-06-05 15:13 INFO  totetsu1.TotetsuHsectionController :
                 [Ljava.lang.String;@4163f1cd 
2023-06-05 15:13 INFO  totetsu1.TotetsuHsectionController :
                 [Ljava.lang.String;@6df20ade 
2023-06-05 15:13 INFO  totetsu1.TotetsuHsectionController :
                 [Ljava.lang.String;@70d8de 
2023-06-05 15:13 INFO  totetsu1.TotetsuHsectionController :
                 [Ljava.lang.String;@49298ce7 
2023-06-05 15:13 INFO  totetsu1.TotetsuHsectionController :
                 [Ljava.lang.String;@d4602a 
2023-06-05 15:13 INFO  totetsu1.TotetsuHsectionController :
                 [Ljava.lang.String;@19f21b6b 
2023-06-05 15:13 INFO  totetsu1.TotetsuHsectionController :
                 [Ljava.lang.String;@5f2afe62 
2023-06-05 15:13 ERROR totetsu1.TotetsuHsectionController :
                 java.lang.ArrayIndexOutOfBoundsException: Index 0 out of bounds for length 0 
2023-06-05 15:13 ERROR totetsu1.TotetsuHsectionController :
                 ìåìSÇÃPDFÇ≈ÇÕÇ†ÇËÇ‹ÇπÇÒÅB 
2023-06-05 15:13 INFO  totetsu1.TotetsuHsectionController :
                 2023/5/30 
2023-06-05 15:13 INFO  totetsu1.TotetsuHsectionController :
                 1H30605 
2023-06-05 15:13 INFO  totetsu1.TotetsuHsectionController :
                 [Ljava.lang.String;@25cc7470 
2023-06-05 15:13 INFO  totetsu1.TotetsuHsectionController :
                 [Ljava.lang.String;@5ffc5491 
2023-06-05 15:13 INFO  totetsu1.TotetsuHsectionController :
                 [Ljava.lang.String;@40620d8e 
2023-06-05 15:13 INFO  totetsu1.TotetsuHsectionController :
                 [Ljava.lang.String;@62515a47 
2023-06-05 15:13 INFO  totetsu1.TotetsuHsectionController :
                 [Ljava.lang.String;@6d6cb754 
2023-06-05 15:13 INFO  totetsu1.TotetsuHsectionController :
                 [Ljava.lang.String;@6b410923 
2023-06-05 15:13 INFO  totetsu1.TotetsuHsectionController :
                 [Ljava.lang.String;@4b6ac111 
2023-06-05 15:13 INFO  totetsu1.TotetsuHsectionController :
                 [Ljava.lang.String;@1a411233 
2023-06-05 15:13 ERROR totetsu1.TotetsuHsectionController :
                 java.lang.ArrayIndexOutOfBoundsException: Index 0 out of bounds for length 0 
2023-06-05 15:13 ERROR totetsu1.TotetsuHsectionController :
                 ìåìSÇÃPDFÇ≈ÇÕÇ†ÇËÇ‹ÇπÇÒÅB 
2023-06-05 15:13 INFO  totetsu1.TotetsuHsectionController :
                 2023/5/30 
2023-06-05 15:13 INFO  totetsu1.TotetsuHsectionController :
                 1H27850 
2023-06-05 15:13 INFO  totetsu1.TotetsuHsectionController :
                 [Ljava.lang.String;@6a74d228 
2023-06-05 15:13 INFO  totetsu1.TotetsuHsectionController :
                 [Ljava.lang.String;@16fe9c29 
2023-06-05 15:13 INFO  totetsu1.TotetsuHsectionController :
                 [Ljava.lang.String;@332f25c8 
2023-06-05 15:13 INFO  totetsu1.TotetsuHsectionController :
                 [Ljava.lang.String;@f9b5552 
2023-06-05 15:13 INFO  totetsu1.TotetsuHsectionController :
                 [Ljava.lang.String;@13cd7ea5 
2023-06-05 15:13 INFO  totetsu1.TotetsuHsectionController :
                 [Ljava.lang.String;@31e32ea2 
2023-06-05 15:13 INFO  totetsu1.TotetsuHsectionController :
                 [Ljava.lang.String;@37095ded 
2023-06-05 15:13 INFO  totetsu1.TotetsuHsectionController :
                 [Ljava.lang.String;@79a1728c 
2023-06-05 15:13 ERROR totetsu1.TotetsuHsectionController :
                 java.lang.ArrayIndexOutOfBoundsException: Index 0 out of bounds for length 0 
2023-06-05 15:13 ERROR totetsu1.TotetsuHsectionController :
                 ìåìSÇÃPDFÇ≈ÇÕÇ†ÇËÇ‹ÇπÇÒÅB 
2023-06-05 15:13 INFO  totetsu1.TotetsuHsectionController :
                 2023/5/30 
2023-06-05 15:13 INFO  totetsu1.TotetsuHsectionController :
                 1H27850 
2023-06-05 15:13 INFO  totetsu1.TotetsuHsectionController :
                 [Ljava.lang.String;@1bc425e7 
2023-06-05 15:13 INFO  totetsu1.TotetsuHsectionController :
                 [Ljava.lang.String;@4fe875be 
2023-06-05 15:13 INFO  totetsu1.TotetsuHsectionController :
                 [Ljava.lang.String;@22d1886d 
2023-06-05 15:13 INFO  totetsu1.TotetsuHsectionController :
                 [Ljava.lang.String;@4e4c3a38 
2023-06-05 15:13 INFO  totetsu1.TotetsuHsectionController :
                 [Ljava.lang.String;@29f0c4f2 
2023-06-05 15:13 INFO  totetsu1.TotetsuHsectionController :
                 [Ljava.lang.String;@30506c0d 
2023-06-05 15:13 INFO  totetsu1.TotetsuHsectionController :
                 [Ljava.lang.String;@7bb004b8 
2023-06-05 15:13 INFO  totetsu1.TotetsuHsectionController :
                 [Ljava.lang.String;@55f8669d 
2023-06-05 15:13 ERROR totetsu1.TotetsuHsectionController :
                 java.lang.ArrayIndexOutOfBoundsException: Index 0 out of bounds for length 0 
2023-06-05 15:13 ERROR totetsu1.TotetsuHsectionController :
                 ìåìSÇÃPDFÇ≈ÇÕÇ†ÇËÇ‹ÇπÇÒÅB 
2023-06-05 15:13 INFO  totetsu1.TotetsuHsectionController :
                 2023/5/30 
2023-06-05 15:13 INFO  totetsu1.TotetsuHsectionController :
                 1H27850 
2023-06-05 15:13 INFO  totetsu1.TotetsuHsectionController :
                 [Ljava.lang.String;@12f8b1d8 
2023-06-05 15:13 INFO  totetsu1.TotetsuHsectionController :
                 [Ljava.lang.String;@5b12012e 
2023-06-05 15:13 INFO  totetsu1.TotetsuHsectionController :
                 [Ljava.lang.String;@40368a46 
2023-06-05 15:13 INFO  totetsu1.TotetsuHsectionController :
                 [Ljava.lang.String;@6e1d4137 
2023-06-05 15:13 INFO  totetsu1.TotetsuHsectionController :
                 [Ljava.lang.String;@3350ebdd 
2023-06-05 15:13 INFO  totetsu1.TotetsuHsectionController :
                 [Ljava.lang.String;@4f8b4bd0 
2023-06-05 15:13 INFO  totetsu1.TotetsuHsectionController :
                 [Ljava.lang.String;@76d05cc9 
2023-06-05 15:13 INFO  totetsu1.TotetsuHsectionController :
                 [Ljava.lang.String;@3e4f80cb 
2023-06-05 15:13 ERROR totetsu1.TotetsuHsectionController :
                 java.lang.ArrayIndexOutOfBoundsException: Index 0 out of bounds for length 0 
2023-06-05 15:13 ERROR totetsu1.TotetsuHsectionController :
                 ìåìSÇÃPDFÇ≈ÇÕÇ†ÇËÇ‹ÇπÇÒÅB 
2023-06-05 15:13 INFO  totetsu1.TotetsuHsectionController :
                 2023/5/30 
2023-06-05 15:13 INFO  totetsu1.TotetsuHsectionController :
                 1H27850 
2023-06-05 15:13 INFO  totetsu1.TotetsuHsectionController :
                 [Ljava.lang.String;@33b082c5 
2023-06-05 15:13 INFO  totetsu1.TotetsuHsectionController :
                 [Ljava.lang.String;@79b08632 
2023-06-05 15:13 INFO  totetsu1.TotetsuHsectionController :
                 [Ljava.lang.String;@2c2db130 
2023-06-05 15:13 INFO  totetsu1.TotetsuHsectionController :
                 [Ljava.lang.String;@dc7b462 
2023-06-05 15:13 INFO  totetsu1.TotetsuHsectionController :
                 [Ljava.lang.String;@58e92c23 
2023-06-05 15:13 INFO  totetsu1.TotetsuHsectionController :
                 [Ljava.lang.String;@30501e60 
2023-06-05 15:13 INFO  totetsu1.TotetsuHsectionController :
                 [Ljava.lang.String;@70101687 
2023-06-05 15:13 INFO  totetsu1.TotetsuHsectionController :
                 [Ljava.lang.String;@3cd206b5 
2023-06-05 15:13 ERROR totetsu1.TotetsuHsectionController :
                 java.lang.ArrayIndexOutOfBoundsException: Index 0 out of bounds for length 0 
2023-06-05 15:13 ERROR totetsu1.TotetsuHsectionController :
                 ìåìSÇÃPDFÇ≈ÇÕÇ†ÇËÇ‹ÇπÇÒÅB 
