2023-05-15 10:05 ERROR totetsu1.TotetsuPDFController2 :
                 java.lang.ArrayIndexOutOfBoundsException: Index 1 out of bounds for length 1 
2023-05-15 10:05 ERROR totetsu1.TotetsuPDFController2 :
                 東鉄のPDFではありません。 
2023-05-15 10:05 INFO  totetsu1.TotetsuPDFController2 :
                 43-1X10586-ミルシート_20220420_688226_20220509.pdf 
2023-05-15 10:05 INFO  totetsu1.TotetsuPDFController2 :
                 43-1X10981-ミルシート_20220323_681608_20220422.pdf 
2023-05-15 10:05 INFO  totetsu1.TotetsuPDFController2 :
                 43-1X10981-ミルシート_20220323_681609_20220422.pdf 
2023-05-15 10:05 INFO  totetsu1.TotetsuPDFController2 :
                 43-1X10981-ミルシート_20220323_681610_20220422.pdf 
2023-05-15 10:05 INFO  totetsu1.TotetsuPDFController2 :
                 43-1X10981-ミルシート_20220323_681611_20220422.pdf 
2023-05-15 10:05 INFO  totetsu1.TotetsuPDFController2 :
                 43-1X10981-ミルシート_20220323_681612_20220422.pdf 
2023-05-15 10:05 INFO  totetsu1.TotetsuPDFController2 :
                 43-1X10981-ミルシート_20220420_688227_20220509.pdf 
2023-05-15 10:05 INFO  totetsu1.TotetsuPDFController2 :
                 43-1X11098-ミルシート_20220323_681613_20220422.pdf 
2023-05-15 10:05 INFO  totetsu1.TotetsuPDFController2 :
                 43-1X11098-ミルシート_20220323_681614_20220422.pdf 
2023-05-15 10:05 INFO  totetsu1.TotetsuPDFController2 :
                 43-1X11098-ミルシート_20220323_681615_20220422.pdf 
2023-05-15 10:05 INFO  totetsu1.TotetsuPDFController2 :
                 43-1X11098-ミルシート_20220323_681616_20220422.pdf 
2023-05-15 10:05 INFO  totetsu1.TotetsuPDFController2 :
                 43-1X11098-ミルシート_20220323_681617_20220422.pdf 
2023-05-15 10:05 INFO  totetsu1.TotetsuPDFController2 :
                 43-1X11098-ミルシート_20220323_681618_20220422.pdf 
2023-05-15 10:05 INFO  totetsu1.TotetsuPDFController2 :
                 43-1X11098-ミルシート_20220323_681619_20220422.pdf 
2023-05-15 10:05 INFO  totetsu1.TotetsuPDFController2 :
                 43-1X11098-ミルシート_20220420_688228_20220509.pdf 
2023-05-15 10:05 INFO  totetsu1.TotetsuPDFController2 :
                 43-1X11098-ミルシート_20220420_688229_20220509.pdf 
2023-05-15 10:05 INFO  totetsu1.TotetsuPDFController2 :
                 43-1X11098-ミルシート_20220420_688230_20220509.pdf 
2023-05-15 10:05 INFO  totetsu1.TotetsuPDFController2 :
                 43-1X11098-ミルシート_20220420_688231_20220509.pdf 
2023-05-15 10:05 INFO  totetsu1.TotetsuPDFController2 :
                 43-1X11098-ミルシート_20220420_688232_20220509.pdf 
2023-05-15 10:05 INFO  totetsu1.TotetsuPDFController2 :
                 43-1X11171-ミルシート_20220323_681620_20220422.pdf 
2023-05-15 10:05 INFO  totetsu1.TotetsuPDFController2 :
                 43-1X11171-ミルシート_20220323_681628_20220422.pdf 
2023-05-15 10:05 INFO  totetsu1.TotetsuPDFController2 :
                 43-1X11171-ミルシート_20220420_688233_20220509.pdf 
2023-05-15 10:05 INFO  totetsu1.TotetsuPDFController2 :
                 43-1X11171-ミルシート_20220420_688234_20220509.pdf 
2023-05-15 10:05 INFO  totetsu1.TotetsuPDFController2 :
                 43-1X11171-ミルシート_20220420_688235_20220509.pdf 
2023-05-15 10:05 INFO  totetsu1.TotetsuPDFController2 :
                 43-1X11171-ミルシート_20220420_688236_20220509.pdf 
2023-05-15 10:05 INFO  totetsu1.TotetsuPDFController2 :
                 43-1X11171-ミルシート_20220420_688237_20220509.pdf 
2023-05-15 10:05 INFO  totetsu1.TotetsuPDFController2 :
                 43-1X11171-ミルシート_20220518_693238_20220525.pdf 
2023-05-15 10:05 INFO  totetsu1.TotetsuPDFController2 :
                 43-1X11171-ミルシート_20220518_693239_20220525.pdf-.pdf 
2023-05-15 10:05 INFO  totetsu1.TotetsuPDFController2 :
                 43-1X11171-ミルシート_20220518_693240_20220525.pdf 
2023-05-15 10:05 INFO  totetsu1.TotetsuPDFController2 :
                 43-1X11172-ミルシート_20220323_681621_20220422.pdf 
2023-05-15 10:05 INFO  totetsu1.TotetsuPDFController2 :
                 43-1X11172-ミルシート_20220323_681629_20220422.pdf 
2023-05-15 10:05 INFO  totetsu1.TotetsuPDFController2 :
                 43-1X11172-ミルシート_20220420_688238_20220509.pdf 
2023-05-15 10:05 INFO  totetsu1.TotetsuPDFController2 :
                 43-1X11172-ミルシート_20220518_693241_20220525.pdf 
2023-05-15 10:05 INFO  totetsu1.TotetsuPDFController2 :
                 43-1X11172-ミルシート_20220518_693242_20220525.pdf 
2023-05-15 10:05 INFO  totetsu1.TotetsuPDFController2 :
                 43-1X11263-ミルシート_20220420_688239_20220509.pdf 
2023-05-15 10:05 INFO  totetsu1.TotetsuPDFController2 :
                 43-1X11263-ミルシート_20220420_688240_20220509.pdf 
2023-05-15 10:05 INFO  totetsu1.TotetsuPDFController2 :
                 43-1X11263-ミルシート_20220420_688241_20220509.pdf 
2023-05-15 10:05 INFO  totetsu1.TotetsuPDFController2 :
                 43-1X11263-ミルシート_20220420_688242_20220509.pdf 
2023-05-15 10:05 INFO  totetsu1.TotetsuPDFController2 :
                 43-1X11263-ミルシート_20220420_688243_20220509.pdf 
2023-05-15 10:05 INFO  totetsu1.TotetsuPDFController2 :
                 43-1X11263-ミルシート_20220518_693243_20220525.pdf 
2023-05-15 10:05 INFO  totetsu1.TotetsuPDFController2 :
                 43-1X11263-ミルシート_20220518_693244_20220525.pdf 
2023-05-15 10:05 INFO  totetsu1.TotetsuPDFController2 :
                 43-1X11263-ミルシート_20220518_693245_20220525.pdf 
2023-05-15 10:06 INFO  totetsu1.TotetsuPDFController2 :
                 43-1X11263-ミルシート_20220518_693246_20220525.pdf 
2023-05-15 10:06 INFO  totetsu1.TotetsuPDFController2 :
                 43-1X11263-ミルシート_20220518_693247_20220525.pdf 
2023-05-15 10:06 INFO  totetsu1.TotetsuPDFController2 :
                 43-1X11263-ミルシート_20220518_693248_20220525.pdf 
2023-05-15 10:06 INFO  totetsu1.TotetsuPDFController2 :
                 43-1X11263-ミルシート_20220518_693249_20220525.pdf 
2023-05-15 10:06 INFO  totetsu1.TotetsuPDFController2 :
                 43-1X11263-ミルシート_20220518_693250_20220525.pdf 
2023-05-15 10:06 INFO  totetsu1.TotetsuPDFController2 :
                 43-1X11263-ミルシート_20220518_693259_20220525.pdf 
2023-05-15 10:06 INFO  totetsu1.TotetsuPDFController2 :
                 43-1X11264-ミルシート_20220323_681622_20220422.pdf 
2023-05-15 10:06 INFO  totetsu1.TotetsuPDFController2 :
                 43-1X11264-ミルシート_20220323_681623_20220422.pdf 
2023-05-15 10:06 INFO  totetsu1.TotetsuPDFController2 :
                 43-1X11264-ミルシート_20220323_681624_20220422.pdf 
2023-05-15 10:06 INFO  totetsu1.TotetsuPDFController2 :
                 43-1X11264-ミルシート_20220323_681625_20220422.pdf 
2023-05-15 10:06 INFO  totetsu1.TotetsuPDFController2 :
                 43-1X11264-ミルシート_20220323_681626_20220422.pdf 
2023-05-15 10:06 INFO  totetsu1.TotetsuPDFController2 :
                 43-1X11264-ミルシート_20220323_681627_20220422.pdf 
2023-05-15 10:06 INFO  totetsu1.TotetsuPDFController2 :
                 43-1X11265-ミルシート_20220518_693251_20220525.pdf 
2023-05-15 10:06 INFO  totetsu1.TotetsuPDFController2 :
                 43-1X11265-ミルシート_20220518_693252_20220525.pdf 
2023-05-15 10:06 INFO  totetsu1.TotetsuPDFController2 :
                 43-1X11265-ミルシート_20220518_693253_20220525.pdf 
2023-05-15 10:06 INFO  totetsu1.TotetsuPDFController2 :
                 43-1X11265-ミルシート_20220518_693254_20220525.pdf 
2023-05-15 10:06 INFO  totetsu1.TotetsuPDFController2 :
                 43-1X11265-ミルシート_20220518_693255_20220525.pdf 
2023-05-15 10:06 INFO  totetsu1.TotetsuPDFController2 :
                 43-1X11265-ミルシート_20220518_693256_20220525.pdf 
2023-05-15 10:06 INFO  totetsu1.TotetsuPDFController2 :
                 43-1X11265-ミルシート_20220518_693257_20220525.pdf 
2023-05-15 10:06 INFO  totetsu1.TotetsuPDFController2 :
                 43-1X11265-ミルシート_20220518_693260_20220525.pdf 
2023-05-15 10:06 INFO  totetsu1.TotetsuPDFController2 :
                 43-1X20024-ミルシート_20220420_688244_20220509.pdf 
2023-05-15 10:06 INFO  totetsu1.TotetsuPDFController2 :
                 43-1X20024-ミルシート_20220420_688245_20220509.pdf 
2023-05-15 10:06 INFO  totetsu1.TotetsuPDFController2 :
                 43-1X20024-ミルシート_20220420_688246_20220509.pdf 
2023-05-15 10:06 INFO  totetsu1.TotetsuPDFController2 :
                 43-1X20024-ミルシート_20220420_688247_20220509.pdf 
2023-05-15 10:06 INFO  totetsu1.TotetsuPDFController2 :
                 43-1X20024-ミルシート_20220420_688248_20220509.pdf 
2023-05-15 10:06 INFO  totetsu1.TotetsuPDFController2 :
                 43-1X20024-ミルシート_20220518_693258_20220525.pdf 
2023-05-15 10:06 INFO  totetsu1.TotetsuPDFController2 :
                 43-ミルシート_1X-11171_20220621_702427_20220628.pdf 
2023-05-15 10:06 INFO  totetsu1.TotetsuPDFController2 :
                 43-ミルシート_1X-11171_20220621_702428_20220628.pdf 
2023-05-15 10:06 INFO  totetsu1.TotetsuPDFController2 :
                 43-ミルシート_1X-11171_20220713_708145_20220719.pdf 
2023-05-15 10:06 INFO  totetsu1.TotetsuPDFController2 :
                 43-ミルシート_1X-11172_20220621_702429_20220628.pdf 
2023-05-15 10:06 INFO  totetsu1.TotetsuPDFController2 :
                 43-ミルシート_1X-11263_20220621_702430_20220628.pdf 
2023-05-15 10:06 INFO  totetsu1.TotetsuPDFController2 :
                 43-ミルシート_1X-11263_20220621_702431_20220628.pdf 
2023-05-15 10:06 INFO  totetsu1.TotetsuPDFController2 :
                 43-ミルシート_1X-11263_20220621_702432_20220628.pdf 
2023-05-15 10:06 INFO  totetsu1.TotetsuPDFController2 :
                 43-ミルシート_1X-11263_20220621_702433_20220628.pdf 
2023-05-15 10:06 INFO  totetsu1.TotetsuPDFController2 :
                 43-ミルシート_1X-11265_20220621_702434_20220628.pdf 
2023-05-15 10:06 INFO  totetsu1.TotetsuPDFController2 :
                 43-ミルシート_1X-11265_20220621_702435_20220628.pdf 
2023-05-15 10:06 INFO  totetsu1.TotetsuPDFController2 :
                 43-ミルシート_1X-11265_20220621_702436_20220628.pdf 
2023-05-15 10:06 INFO  totetsu1.TotetsuPDFController2 :
                 43-ミルシート_1X-11265_20220713_708146_20220719.pdf 
2023-05-15 10:06 INFO  totetsu1.TotetsuPDFController2 :
                 43-ミルシート_1X-11265_20220713_708147_20220719.pdf 
2023-05-15 10:06 INFO  totetsu1.TotetsuPDFController2 :
                 43-ミルシート_1X-11265_20220713_708148_20220719.pdf 
2023-05-15 10:06 INFO  totetsu1.TotetsuPDFController2 :
                 43-ミルシート_1X-11265_20220803_713188_20220809.pdf 
2023-05-15 10:06 INFO  totetsu1.TotetsuPDFController2 :
                 43-ミルシート_1X-11265_20221116_739400_20221117.pdf 
2023-05-15 10:06 INFO  totetsu1.TotetsuPDFController2 :
                 43-ミルシート_1X-20005_20220621_702437_20220705.pdf 
2023-05-15 10:06 INFO  totetsu1.TotetsuPDFController2 :
                 43-ミルシート_1X-20005_20220621_702438_20220705.pdf 
2023-05-15 10:06 INFO  totetsu1.TotetsuPDFController2 :
                 43-ミルシート_1X-20005_20220621_702439_20220705.pdf 
2023-05-15 10:06 INFO  totetsu1.TotetsuPDFController2 :
                 43-ミルシート_1X-20005_20220621_702440_20220705.pdf 
2023-05-15 10:06 INFO  totetsu1.TotetsuPDFController2 :
                 43-ミルシート_1X-20005_20220621_702441_20220705.pdf 
2023-05-15 10:06 INFO  totetsu1.TotetsuPDFController2 :
                 43-ミルシート_1X-20005_20220621_702442_20220705.pdf 
2023-05-15 10:06 INFO  totetsu1.TotetsuPDFController2 :
                 43-ミルシート_1X-20005_20220621_702443_20220705.pdf 
2023-05-15 10:06 INFO  totetsu1.TotetsuPDFController2 :
                 43-ミルシート_1X-20005_20220621_702444_20220705.pdf 
2023-05-15 10:06 INFO  totetsu1.TotetsuPDFController2 :
                 43-ミルシート_1X-20005_20220621_702445_20220705.pdf 
2023-05-15 10:06 INFO  totetsu1.TotetsuPDFController2 :
                 43-ミルシート_1X-20005_20220713_708149_20220719.pdf 
2023-05-15 10:06 INFO  totetsu1.TotetsuPDFController2 :
                 43-ミルシート_1X-20005_20220713_708150_20220719.pdf 
2023-05-15 10:06 INFO  totetsu1.TotetsuPDFController2 :
                 43-ミルシート_1X-20005_20220803_713189_20220809.pdf 
2023-05-15 10:06 INFO  totetsu1.TotetsuPDFController2 :
                 43-ミルシート_1X-20005_20220803_713190_20220809.pdf 
2023-05-15 10:06 INFO  totetsu1.TotetsuPDFController2 :
                 43-ミルシート_1X-20005_20220803_713191_20220809.pdf 
2023-05-15 10:06 INFO  totetsu1.TotetsuPDFController2 :
                 43-ミルシート_1X-20005_20220803_713192_20220809.pdf 
2023-05-15 10:06 INFO  totetsu1.TotetsuPDFController2 :
                 43-ミルシート_1X-20005_20220803_713193_20220809.pdf 
2023-05-15 10:06 INFO  totetsu1.TotetsuPDFController2 :
                 43-ミルシート_1X-20005_20220803_713194_20220809.pdf 
2023-05-15 10:06 INFO  totetsu1.TotetsuPDFController2 :
                 43-ミルシート_1X-20005_20220803_713195_20220809.pdf 
2023-05-15 10:06 INFO  totetsu1.TotetsuPDFController2 :
                 43-ミルシート_1X-20005_20220803_713196_20220809.pdf 
2023-05-15 10:06 INFO  totetsu1.TotetsuPDFController2 :
                 43-ミルシート_1X-20005_20221013_730047_20221017.pdf 
2023-05-15 10:06 INFO  totetsu1.TotetsuPDFController2 :
                 43-ミルシート_1X-20006_20220621_702446_20220705.pdf 
2023-05-15 10:06 INFO  totetsu1.TotetsuPDFController2 :
                 43-ミルシート_1X-20006_20220621_702447_20220705.pdf 
2023-05-15 10:06 INFO  totetsu1.TotetsuPDFController2 :
                 43-ミルシート_1X-20006_20220621_702448_20220705.pdf 
2023-05-15 10:06 INFO  totetsu1.TotetsuPDFController2 :
                 43-ミルシート_1X-20006_20220621_702449_20220705.pdf 
2023-05-15 10:06 INFO  totetsu1.TotetsuPDFController2 :
                 43-ミルシート_1X-20006_20220621_702450_20220705.pdf 
2023-05-15 10:06 INFO  totetsu1.TotetsuPDFController2 :
                 43-ミルシート_1X-20006_20220713_708151_20220719.pdf 
2023-05-15 10:06 INFO  totetsu1.TotetsuPDFController2 :
                 43-ミルシート_1X-20006_20220713_708152_20220719.pdf 
2023-05-15 10:06 INFO  totetsu1.TotetsuPDFController2 :
                 43-ミルシート_1X-20024_20220621_702451_20220705.pdf 
2023-05-15 10:06 INFO  totetsu1.TotetsuPDFController2 :
                 43-ミルシート_1X-20060_20220713_708153_20220719.pdf 
2023-05-15 10:06 INFO  totetsu1.TotetsuPDFController2 :
                 43-ミルシート_1X-20060_20220713_708154_20220719.pdf 
2023-05-15 10:06 INFO  totetsu1.TotetsuPDFController2 :
                 43-ミルシート_1X-20060_20220803_713197_20220809.pdf 
2023-05-15 10:06 INFO  totetsu1.TotetsuPDFController2 :
                 43-ミルシート_1X-20060_20220803_713198_20220809.pdf 
2023-05-15 10:06 INFO  totetsu1.TotetsuPDFController2 :
                 43-ミルシート_1X-20060_20220803_713199_20220809.pdf 
2023-05-15 10:06 INFO  totetsu1.TotetsuPDFController2 :
                 43-ミルシート_1X-20060_20220803_713200_20220809.pdf 
2023-05-15 10:06 INFO  totetsu1.TotetsuPDFController2 :
                 43-ミルシート_1X-20060_20220803_713201_20220809.pdf 
2023-05-15 10:06 INFO  totetsu1.TotetsuPDFController2 :
                 43-ミルシート_1X-20060_20220803_713202_20220809.pdf 
2023-05-15 10:06 INFO  totetsu1.TotetsuPDFController2 :
                 43-ミルシート_1X-20060_20220803_713203_20220809.pdf 
2023-05-15 10:06 INFO  totetsu1.TotetsuPDFController2 :
                 43-ミルシート_1X-20060_20220803_713204_20220809.pdf 
2023-05-15 10:06 INFO  totetsu1.TotetsuPDFController2 :
                 43-ミルシート_1X-20060_20220803_713205_20220809.pdf 
2023-05-15 10:06 INFO  totetsu1.TotetsuPDFController2 :
                 43-ミルシート_1X-20060_20220803_713206_20220809.pdf 
2023-05-15 10:06 INFO  totetsu1.TotetsuPDFController2 :
                 43-ミルシート_1X-20060_20220803_713207_20220809.pdf 
2023-05-15 10:06 INFO  totetsu1.TotetsuPDFController2 :
                 43-ミルシート_1X-20060_20220912_721399_20220929.pdf 
2023-05-15 10:06 INFO  totetsu1.TotetsuPDFController2 :
                 43-ミルシート_1X-20060_20220912_721400_20220929.pdf 
2023-05-15 10:06 INFO  totetsu1.TotetsuPDFController2 :
                 43-ミルシート_1X-20060_20220912_721401_20220929.pdf 
2023-05-15 10:06 INFO  totetsu1.TotetsuPDFController2 :
                 43-ミルシート_1X-20060_20220912_721402_20220929.pdf 
2023-05-15 10:06 INFO  totetsu1.TotetsuPDFController2 :
                 43-ミルシート_1X-20060_20220912_721403_20220929.pdf 
2023-05-15 10:06 INFO  totetsu1.TotetsuPDFController2 :
                 43-ミルシート_1X-20060_20220912_721404_20220929.pdf 
2023-05-15 10:06 INFO  totetsu1.TotetsuPDFController2 :
                 43-ミルシート_1X-20060_20221013_730048_20221017.pdf 
2023-05-15 10:06 INFO  totetsu1.TotetsuPDFController2 :
                 43-ミルシート_1X-20060_20221013_730049_20221017.pdf 
2023-05-15 10:06 INFO  totetsu1.TotetsuPDFController2 :
                 43-ミルシート_1X-20061_20220621_702452_20220705.pdf 
2023-05-15 10:06 INFO  totetsu1.TotetsuPDFController2 :
                 43-ミルシート_1X-20061_20220713_708155_20220719.pdf 
2023-05-15 10:06 INFO  totetsu1.TotetsuPDFController2 :
                 43-ミルシート_1X-20061_20220713_708156_20220719.pdf 
2023-05-15 10:06 INFO  totetsu1.TotetsuPDFController2 :
                 43-ミルシート_1X-20061_20220713_708157_20220719.pdf 
2023-05-15 10:06 INFO  totetsu1.TotetsuPDFController2 :
                 43-ミルシート_1X-20061_20220713_708158_20220719.pdf 
2023-05-15 10:06 INFO  totetsu1.TotetsuPDFController2 :
                 43-ミルシート_1X-20061_20220713_708159_20220719.pdf 
2023-05-15 10:06 INFO  totetsu1.TotetsuPDFController2 :
                 43-ミルシート_1X-20061_20220713_708160_20220719.pdf 
2023-05-15 10:06 INFO  totetsu1.TotetsuPDFController2 :
                 43-ミルシート_1X-20061_20220713_708161_20220719.pdf 
2023-05-15 10:06 INFO  totetsu1.TotetsuPDFController2 :
                 43-ミルシート_1X-20138_20220621_702453_20220705.pdf 
2023-05-15 10:06 INFO  totetsu1.TotetsuPDFController2 :
                 43-ミルシート_1X-20138_20220621_702454_20220705.pdf 
2023-05-15 10:06 INFO  totetsu1.TotetsuPDFController2 :
                 43-ミルシート_1X-20138_20220621_702455_20220705.pdf 
2023-05-15 10:06 INFO  totetsu1.TotetsuPDFController2 :
                 43-ミルシート_1X-20138_20220621_702456_20220705.pdf 
2023-05-15 10:06 INFO  totetsu1.TotetsuPDFController2 :
                 43-ミルシート_1X-20138_20220713_708162_20220719.pdf 
2023-05-15 10:06 INFO  totetsu1.TotetsuPDFController2 :
                 43-ミルシート_1X-20138_20220713_708163_20220719.pdf 
2023-05-15 10:06 INFO  totetsu1.TotetsuPDFController2 :
                 43-ミルシート_1X-20138_20221116_739401_20221117.pdf 
2023-05-15 10:06 INFO  totetsu1.TotetsuPDFController2 :
                 43-ミルシート_1X-20139_20220621_702457_20220705.pdf 
2023-05-15 10:06 INFO  totetsu1.TotetsuPDFController2 :
                 43-ミルシート_1X-20139_20220621_702458_20220705.pdf 
2023-05-15 10:06 INFO  totetsu1.TotetsuPDFController2 :
                 43-ミルシート_1X-20139_20220621_702459_20220705.pdf 
2023-05-15 10:06 INFO  totetsu1.TotetsuPDFController2 :
                 43-ミルシート_1X-20139_20220713_708164_20220719.pdf 
2023-05-15 10:06 INFO  totetsu1.TotetsuPDFController2 :
                 43-ミルシート_1X-20154_20220803_713208_20220809.pdf 
2023-05-15 10:06 INFO  totetsu1.TotetsuPDFController2 :
                 43-ミルシート_1X-20154_20220912_721405_20220929.pdf 
2023-05-15 10:06 INFO  totetsu1.TotetsuPDFController2 :
                 43-ミルシート_1X-20154_20220912_721406_20220929.pdf 
2023-05-15 10:06 INFO  totetsu1.TotetsuPDFController2 :
                 43-ミルシート_1X-20154_20220912_721407_20220929.pdf 
2023-05-15 10:06 INFO  totetsu1.TotetsuPDFController2 :
                 43-ミルシート_1X-20154_20220912_721408_20220929.pdf 
2023-05-15 10:06 INFO  totetsu1.TotetsuPDFController2 :
                 43-ミルシート_1X-20154_20220912_721409_20220929.pdf 
2023-05-15 10:06 INFO  totetsu1.TotetsuPDFController2 :
                 43-ミルシート_1X-20154_20220912_721410_20220929.pdf 
2023-05-15 10:06 INFO  totetsu1.TotetsuPDFController2 :
                 43-ミルシート_1X-20154_20220912_721411_20220929.pdf 
2023-05-15 10:06 INFO  totetsu1.TotetsuPDFController2 :
                 43-ミルシート_1X-20154_20220912_721412_20220929.pdf 
2023-05-15 10:06 INFO  totetsu1.TotetsuPDFController2 :
                 43-ミルシート_1X-20154_20221013_730050_20221017.pdf 
2023-05-15 10:06 INFO  totetsu1.TotetsuPDFController2 :
                 43-ミルシート_1X-20154_20221013_730051_20221017.pdf 
2023-05-15 10:06 INFO  totetsu1.TotetsuPDFController2 :
                 43-ミルシート_1X-20154_20221013_730052_20221017.pdf 
2023-05-15 10:06 INFO  totetsu1.TotetsuPDFController2 :
                 43-ミルシート_1X-20154_20221013_730053_20221017.pdf 
2023-05-15 10:06 INFO  totetsu1.TotetsuPDFController2 :
                 43-ミルシート_1X-20154_20221013_730054_20221017.pdf 
2023-05-15 10:06 INFO  totetsu1.TotetsuPDFController2 :
                 43-ミルシート_1X-20154_20221013_730055_20221017.pdf 
2023-05-15 10:06 INFO  totetsu1.TotetsuPDFController2 :
                 43-ミルシート_1X-20154_20221013_730056_20221017.pdf 
2023-05-15 10:06 INFO  totetsu1.TotetsuPDFController2 :
                 43-ミルシート_1X-20154_20230118_752393_20230123.pdf 
2023-05-15 10:06 INFO  totetsu1.TotetsuPDFController2 :
                 43-ミルシート_1X-20155_20220713_708165_20220719.pdf 
2023-05-15 10:06 INFO  totetsu1.TotetsuPDFController2 :
                 43-ミルシート_1X-20155_20220713_708167_20220719.pdf 
2023-05-15 10:06 INFO  totetsu1.TotetsuPDFController2 :
                 43-ミルシート_1X-20155_20220713_708168_20220719.pdf 
2023-05-15 10:06 INFO  totetsu1.TotetsuPDFController2 :
                 43-ミルシート_1X-20155_20220803_713209_20220809.pdf 
2023-05-15 10:06 INFO  totetsu1.TotetsuPDFController2 :
                 43-ミルシート_1X-20155_20220803_713210_20220809.pdf 
2023-05-15 10:06 INFO  totetsu1.TotetsuPDFController2 :
                 43-ミルシート_1X-20155_20220912_721413_20220929.pdf 
2023-05-15 10:06 INFO  totetsu1.TotetsuPDFController2 :
                 43-ミルシート_1X-20155_20221116_739402_20221117.pdf 
2023-05-15 10:06 INFO  totetsu1.TotetsuPDFController2 :
                 43-ミルシート_1X-20267_20220713_708169_20220719.pdf 
2023-05-15 10:06 INFO  totetsu1.TotetsuPDFController2 :
                 43-ミルシート_1X-20267_20220803_713211_20220809.pdf 
2023-05-15 10:06 INFO  totetsu1.TotetsuPDFController2 :
                 43-ミルシート_1X-20267_20220912_721414_20220929.pdf 
2023-05-15 10:06 INFO  totetsu1.TotetsuPDFController2 :
                 43-ミルシート_1X-20267_20220912_721415_20220929.pdf 
2023-05-15 10:06 INFO  totetsu1.TotetsuPDFController2 :
                 43-ミルシート_1X-20267_20220912_721416_20220929.pdf 
2023-05-15 10:06 INFO  totetsu1.TotetsuPDFController2 :
                 43-ミルシート_1X-20268_20220912_721417_20220929.pdf 
2023-05-15 10:06 INFO  totetsu1.TotetsuPDFController2 :
                 43-ミルシート_1X-20269_20221013_730057_20221017.pdf 
2023-05-15 10:06 INFO  totetsu1.TotetsuPDFController2 :
                 43-ミルシート_1X-20269_20221013_730058_20221017.pdf 
2023-05-15 10:06 INFO  totetsu1.TotetsuPDFController2 :
                 43-ミルシート_1X-20269_20221013_730059_20221017.pdf 
2023-05-15 10:06 INFO  totetsu1.TotetsuPDFController2 :
                 43-ミルシート_1X-20269_20221013_730060_20221017.pdf 
2023-05-15 10:06 INFO  totetsu1.TotetsuPDFController2 :
                 43-ミルシート_1X-20269_20221013_730061_20221017.pdf 
2023-05-15 10:06 INFO  totetsu1.TotetsuPDFController2 :
                 43-ミルシート_1X-20269_20221013_730062_20221017.pdf 
2023-05-15 10:06 INFO  totetsu1.TotetsuPDFController2 :
                 43-ミルシート_1X-20269_20221013_730063_20221017.pdf 
2023-05-15 10:06 INFO  totetsu1.TotetsuPDFController2 :
                 43-ミルシート_1X-20269_20221013_730064_20221017.pdf 
2023-05-15 10:06 INFO  totetsu1.TotetsuPDFController2 :
                 43-ミルシート_1X-20269_20221013_730065_20221017.pdf 
2023-05-15 10:06 INFO  totetsu1.TotetsuPDFController2 :
                 43-ミルシート_1X-20269_20221116_739403_20221117.pdf 
2023-05-15 10:06 INFO  totetsu1.TotetsuPDFController2 :
                 43-ミルシート_1X-20269_20221116_739404_20221117.pdf 
2023-05-15 10:06 INFO  totetsu1.TotetsuPDFController2 :
                 43-ミルシート_1X-20269_20221116_739405_20221117.pdf 
2023-05-15 10:06 INFO  totetsu1.TotetsuPDFController2 :
                 43-ミルシート_1X-20269_20221116_739406_20221117.pdf 
2023-05-15 10:06 INFO  totetsu1.TotetsuPDFController2 :
                 43-ミルシート_1X-20269_20221116_739407_20221117.pdf 
2023-05-15 10:06 INFO  totetsu1.TotetsuPDFController2 :
                 43-ミルシート_1X-20269_20221202_743199_20221206.pdf 
2023-05-15 10:06 INFO  totetsu1.TotetsuPDFController2 :
                 43-ミルシート_1X-20269_20221214_746340_20221219.pdf 
2023-05-15 10:06 INFO  totetsu1.TotetsuPDFController2 :
                 43-ミルシート_1X-20270_20221116_739408_20221117.pdf 
2023-05-15 10:06 INFO  totetsu1.TotetsuPDFController2 :
                 43-ミルシート_1X-20270_20221116_739409_20221117.pdf 
2023-05-15 10:06 INFO  totetsu1.TotetsuPDFController2 :
                 43-ミルシート_1X-20270_20221116_739410_20221117.pdf 
2023-05-15 10:06 INFO  totetsu1.TotetsuPDFController2 :
                 43-ミルシート_1X-20270_20221116_739411_20221117.pdf 
2023-05-15 10:06 INFO  totetsu1.TotetsuPDFController2 :
                 43-ミルシート_1X-20270_20221116_739412_20221117.pdf 
2023-05-15 10:06 INFO  totetsu1.TotetsuPDFController2 :
                 43-ミルシート_1X-20270_20221116_739413_20221117.pdf 
2023-05-15 10:06 INFO  totetsu1.TotetsuPDFController2 :
                 43-ミルシート_1X-20270_20221116_739414_20221117.pdf 
2023-05-15 10:06 INFO  totetsu1.TotetsuPDFController2 :
                 43-ミルシート_1X-20390_20220912_721418_20220929.pdf 
2023-05-15 10:06 INFO  totetsu1.TotetsuPDFController2 :
                 43-ミルシート_1X-20390_20220912_721419_20220929.pdf 
2023-05-15 10:06 INFO  totetsu1.TotetsuPDFController2 :
                 43-ミルシート_1X-20390_20220912_721420_20220929.pdf 
2023-05-15 10:06 INFO  totetsu1.TotetsuPDFController2 :
                 43-ミルシート_1X-20390_20221202_743200_20221206.pdf 
2023-05-15 10:06 INFO  totetsu1.TotetsuPDFController2 :
                 43-ミルシート_1X-20400_20221013_730066_20221017.pdf 
2023-05-15 10:06 INFO  totetsu1.TotetsuPDFController2 :
                 43-ミルシート_1X-20400_20221116_739415_20221117.pdf 
2023-05-15 10:06 INFO  totetsu1.TotetsuPDFController2 :
                 43-ミルシート_1X-20400_20221116_739416_20221117.pdf 
2023-05-15 10:06 INFO  totetsu1.TotetsuPDFController2 :
                 43-ミルシート_1X-20400_20221116_739417_20221117.pdf 
2023-05-15 10:06 INFO  totetsu1.TotetsuPDFController2 :
                 43-ミルシート_1X-20400_20221116_739418_20221117.pdf 
2023-05-15 10:06 INFO  totetsu1.TotetsuPDFController2 :
                 43-ミルシート_1X-20400_20221116_739419_20221117.pdf 
2023-05-15 10:06 INFO  totetsu1.TotetsuPDFController2 :
                 43-ミルシート_1X-20400_20221116_739420_20221117.pdf 
2023-05-15 10:06 INFO  totetsu1.TotetsuPDFController2 :
                 43-ミルシート_1X-20400_20221116_739426_20221117.pdf 
2023-05-15 10:06 INFO  totetsu1.TotetsuPDFController2 :
                 43-ミルシート_1X-20400_20221202_743201_20221206.pdf 
2023-05-15 10:06 INFO  totetsu1.TotetsuPDFController2 :
                 43-ミルシート_1X-20400_20221202_743202_20221206.pdf 
2023-05-15 10:06 INFO  totetsu1.TotetsuPDFController2 :
                 43-ミルシート_1X-20400_20221202_743203_20221206.pdf 
2023-05-15 10:06 INFO  totetsu1.TotetsuPDFController2 :
                 43-ミルシート_1X-20400_20221202_743204_20221206.pdf 
2023-05-15 10:06 INFO  totetsu1.TotetsuPDFController2 :
                 43-ミルシート_1X-20400_20221202_743205_20221206.pdf 
2023-05-15 10:06 INFO  totetsu1.TotetsuPDFController2 :
                 43-ミルシート_1X-20400_20221202_743206_20221206.pdf 
2023-05-15 10:06 INFO  totetsu1.TotetsuPDFController2 :
                 43-ミルシート_1X-20400_20221202_743207_20221206.pdf 
2023-05-15 10:06 INFO  totetsu1.TotetsuPDFController2 :
                 43-ミルシート_1X-20400_20221202_743208_20221206.pdf 
2023-05-15 10:06 INFO  totetsu1.TotetsuPDFController2 :
                 43-ミルシート_1X-20400_20221214_746341_20221219.pdf 
2023-05-15 10:06 INFO  totetsu1.TotetsuPDFController2 :
                 43-ミルシート_1X-20400_20221214_746342_20221219.pdf 
2023-05-15 10:06 INFO  totetsu1.TotetsuPDFController2 :
                 43-ミルシート_1X-20400_20221214_746343_20221219.pdf 
2023-05-15 10:06 INFO  totetsu1.TotetsuPDFController2 :
                 43-ミルシート_1X-20400_20230118_752394_20230123.pdf 
2023-05-15 10:06 INFO  totetsu1.TotetsuPDFController2 :
                 43-ミルシート_1X-20401_20221202_743209_20221206.pdf 
2023-05-15 10:06 INFO  totetsu1.TotetsuPDFController2 :
                 43-ミルシート_1X-20401_20221202_743210_20221206.pdf 
2023-05-15 10:06 INFO  totetsu1.TotetsuPDFController2 :
                 43-ミルシート_1X-20401_20221214_746344_20221219.pdf 
2023-05-15 10:06 INFO  totetsu1.TotetsuPDFController2 :
                 43-ミルシート_1X-20402_20221116_739421_20221117.pdf 
2023-05-15 10:06 INFO  totetsu1.TotetsuPDFController2 :
                 43-ミルシート_1X-20402_20221202_743211_20221206.pdf 
2023-05-15 10:06 INFO  totetsu1.TotetsuPDFController2 :
                 43-ミルシート_1X-20402_20221202_743212_20221206.pdf 
2023-05-15 10:06 INFO  totetsu1.TotetsuPDFController2 :
                 43-ミルシート_1X-20402_20221202_743213_20221206.pdf 
2023-05-15 10:06 INFO  totetsu1.TotetsuPDFController2 :
                 43-ミルシート_1X-20510_20221214_746345_20221219.pdf 
2023-05-15 10:06 INFO  totetsu1.TotetsuPDFController2 :
                 43-ミルシート_1X-20510_20221214_746346_20221219.pdf 
2023-05-15 10:06 INFO  totetsu1.TotetsuPDFController2 :
                 43-ミルシート_1X-20510_20230118_752395_20230123.pdf 
2023-05-15 10:06 INFO  totetsu1.TotetsuPDFController2 :
                 43-ミルシート_1X-20510_20230118_752396_20230123.pdf 
2023-05-15 10:06 INFO  totetsu1.TotetsuPDFController2 :
                 43-ミルシート_1X-20511_20221202_743214_20221206.pdf 
2023-05-15 10:06 INFO  totetsu1.TotetsuPDFController2 :
                 43-ミルシート_1X-20511_20221214_746347_20221219.pdf 
2023-05-15 10:06 INFO  totetsu1.TotetsuPDFController2 :
                 43-ミルシート_1X-20511_20221214_746348_20221219.pdf 
2023-05-15 10:06 INFO  totetsu1.TotetsuPDFController2 :
                 43-ミルシート_1X-20511_20221214_746349_20221219.pdf 
2023-05-15 10:06 INFO  totetsu1.TotetsuPDFController2 :
                 43-ミルシート_1X-20511_20221214_746350_20221219.pdf 
2023-05-15 10:06 INFO  totetsu1.TotetsuPDFController2 :
                 43-ミルシート_1X-20511_20221214_746351_20221219.pdf 
2023-05-15 10:06 INFO  totetsu1.TotetsuPDFController2 :
                 43-ミルシート_1X-20511_20221214_746352_20221219.pdf 
2023-05-15 10:06 INFO  totetsu1.TotetsuPDFController2 :
                 43-ミルシート_1X-20511_20221214_746353_20221219.pdf 
2023-05-15 10:06 INFO  totetsu1.TotetsuPDFController2 :
                 43-ミルシート_1X-20511_20221214_746354_20221219.pdf 
2023-05-15 10:06 INFO  totetsu1.TotetsuPDFController2 :
                 43-ミルシート_1X-20511_20221214_746355_20221219.pdf 
2023-05-15 10:06 INFO  totetsu1.TotetsuPDFController2 :
                 43-ミルシート_1X-20511_20221214_746356_20221219.pdf 
2023-05-15 10:06 INFO  totetsu1.TotetsuPDFController2 :
                 43-ミルシート_1X-20511_20221214_746357_20221219.pdf 
2023-05-15 10:06 INFO  totetsu1.TotetsuPDFController2 :
                 43-ミルシート_1X-20511_20221214_746358_20221219.pdf 
2023-05-15 10:06 INFO  totetsu1.TotetsuPDFController2 :
                 43-ミルシート_1X-20511_20230215_759527_20230221.pdf 
2023-05-15 10:06 INFO  totetsu1.TotetsuPDFController2 :
                 43-ミルシート_1X-20512_20221202_743215_20221206.pdf 
2023-05-15 10:06 INFO  totetsu1.TotetsuPDFController2 :
                 43-ミルシート_1X-20512_20221202_743216_20221206.pdf 
2023-05-15 10:06 INFO  totetsu1.TotetsuPDFController2 :
                 43-ミルシート_1X-20512_20221214_746359_20221219.pdf 
2023-05-15 10:06 INFO  totetsu1.TotetsuPDFController2 :
                 43-ミルシート_1X-20512_20230118_752397_20230123.pdf 
2023-05-15 10:06 INFO  totetsu1.TotetsuPDFController2 :
                 43-ミルシート_1X-20512_20230118_752398_20230123.pdf 
2023-05-15 10:06 INFO  totetsu1.TotetsuPDFController2 :
                 43-ミルシート_1X-20512_20230118_752399_20230123.pdf 
2023-05-15 10:06 INFO  totetsu1.TotetsuPDFController2 :
                 43-ミルシート_1X-20512_20230118_752400_20230123.pdf 
2023-05-15 10:06 INFO  totetsu1.TotetsuPDFController2 :
                 43-ミルシート_1X-20512_20230118_752401_20230123.pdf 
2023-05-15 10:06 INFO  totetsu1.TotetsuPDFController2 :
                 43-ミルシート_1X-20512_20230118_752402_20230123.pdf 
2023-05-15 10:06 INFO  totetsu1.TotetsuPDFController2 :
                 43-ミルシート_1X-20523_20220912_721421_20220929.pdf 
2023-05-15 10:06 INFO  totetsu1.TotetsuPDFController2 :
                 43-ミルシート_1X-20523_20220912_721422_20220929.pdf 
2023-05-15 10:06 INFO  totetsu1.TotetsuPDFController2 :
                 43-ミルシート_1X-20523_20220912_721423_20220929.pdf 
2023-05-15 10:06 INFO  totetsu1.TotetsuPDFController2 :
                 43-ミルシート_1X-20523_20220912_721424_20220929.pdf 
2023-05-15 10:06 INFO  totetsu1.TotetsuPDFController2 :
                 43-ミルシート_1X-20523_20220912_721425_20220929.pdf 
2023-05-15 10:06 INFO  totetsu1.TotetsuPDFController2 :
                 43-ミルシート_1X-20523_20220912_721426_20220929.pdf 
2023-05-15 10:06 INFO  totetsu1.TotetsuPDFController2 :
                 43-ミルシート_1X-20523_20220912_721427_20220929.pdf 
2023-05-15 10:06 INFO  totetsu1.TotetsuPDFController2 :
                 43-ミルシート_1X-20523_20221013_730067_20221017.pdf 
2023-05-15 10:06 INFO  totetsu1.TotetsuPDFController2 :
                 43-ミルシート_1X-20524_20220912_721428_20220929.pdf 
2023-05-15 10:06 INFO  totetsu1.TotetsuPDFController2 :
                 43-ミルシート_1X-20524_20220912_721429_20220929.pdf 
2023-05-15 10:06 INFO  totetsu1.TotetsuPDFController2 :
                 43-ミルシート_1X-20524_20220912_721430_20220929.pdf 
2023-05-15 10:06 INFO  totetsu1.TotetsuPDFController2 :
                 43-ミルシート_1X-20524_20221013_730068_20221017.pdf 
2023-05-15 10:06 INFO  totetsu1.TotetsuPDFController2 :
                 43-ミルシート_1X-20650_20221214_746339_20221219.pdf 
2023-05-15 10:06 INFO  totetsu1.TotetsuPDFController2 :
                 43-ミルシート_1X-20650_20221214_746360_20221219.pdf 
2023-05-15 10:06 INFO  totetsu1.TotetsuPDFController2 :
                 43-ミルシート_1X-20650_20230118_752403_20230123.pdf 
2023-05-15 10:06 INFO  totetsu1.TotetsuPDFController2 :
                 43-ミルシート_1X-20650_20230118_752404_20230123.pdf 
2023-05-15 10:06 INFO  totetsu1.TotetsuPDFController2 :
                 43-ミルシート_1X-20650_20230118_752405_20230123.pdf 
2023-05-15 10:06 INFO  totetsu1.TotetsuPDFController2 :
                 43-ミルシート_1X-20650_20230118_752406_20230123.pdf 
2023-05-15 10:06 INFO  totetsu1.TotetsuPDFController2 :
                 43-ミルシート_1X-20650_20230118_752407_20230123.pdf 
2023-05-15 10:06 INFO  totetsu1.TotetsuPDFController2 :
                 43-ミルシート_1X-20650_20230118_752408_20230123.pdf 
2023-05-15 10:06 INFO  totetsu1.TotetsuPDFController2 :
                 43-ミルシート_1X-20650_20230118_752409_20230123.pdf 
2023-05-15 10:06 INFO  totetsu1.TotetsuPDFController2 :
                 43-ミルシート_1X-20650_20230118_752410_20230123.pdf 
2023-05-15 10:06 INFO  totetsu1.TotetsuPDFController2 :
                 43-ミルシート_1X-20650_20230215_759528_20230221.pdf 
2023-05-15 10:06 INFO  totetsu1.TotetsuPDFController2 :
                 43-ミルシート_1X-20651_20221202_743217_20221206.pdf 
2023-05-15 10:06 INFO  totetsu1.TotetsuPDFController2 :
                 43-ミルシート_1X-20651_20221202_743218_20221206.pdf 
2023-05-15 10:06 INFO  totetsu1.TotetsuPDFController2 :
                 43-ミルシート_1X-20651_20221202_743219_20221206.pdf 
2023-05-15 10:06 INFO  totetsu1.TotetsuPDFController2 :
                 43-ミルシート_1X-20651_20230118_752411_20230123.pdf 
2023-05-15 10:06 INFO  totetsu1.TotetsuPDFController2 :
                 43-ミルシート_1X-20651_20230118_752412_20230123.pdf 
2023-05-15 10:06 INFO  totetsu1.TotetsuPDFController2 :
                 43-ミルシート_1X-20651_20230118_752413_20230123.pdf 
2023-05-15 10:06 INFO  totetsu1.TotetsuPDFController2 :
                 43-ミルシート_1X-20651_20230118_752414_20230123.pdf 
2023-05-15 10:06 INFO  totetsu1.TotetsuPDFController2 :
                 43-ミルシート_1X-20651_20230118_752415_20230123.pdf 
2023-05-15 10:06 INFO  totetsu1.TotetsuPDFController2 :
                 43-ミルシート_1X-20651_20230215_759529_20230221.pdf 
2023-05-15 10:06 INFO  totetsu1.TotetsuPDFController2 :
                 43-ミルシート_1X-20651_20230215_759530_20230221.pdf 
2023-05-15 10:06 INFO  totetsu1.TotetsuPDFController2 :
                 43-ミルシート_1X-20652_20230118_752416_20230123.pdf 
2023-05-15 10:06 INFO  totetsu1.TotetsuPDFController2 :
                 43-ミルシート_1X-20652_20230118_752417_20230123.pdf 
2023-05-15 10:06 INFO  totetsu1.TotetsuPDFController2 :
                 43-ミルシート_1X-20652_20230215_759531_20230221.pdf 
2023-05-15 10:06 INFO  totetsu1.TotetsuPDFController2 :
                 43-ミルシート_1X-20652_20230215_759532_20230221.pdf 
2023-05-15 10:06 INFO  totetsu1.TotetsuPDFController2 :
                 43-ミルシート_1X-20670_20221013_730069_20221017.pdf 
2023-05-15 10:06 INFO  totetsu1.TotetsuPDFController2 :
                 43-ミルシート_1X-20670_20221013_730070_20221017.pdf 
2023-05-15 10:06 INFO  totetsu1.TotetsuPDFController2 :
                 43-ミルシート_1X-20670_20221013_730071_20221017.pdf 
2023-05-15 10:06 INFO  totetsu1.TotetsuPDFController2 :
                 43-ミルシート_1X-20670_20221013_730072_20221017.pdf 
2023-05-15 10:06 INFO  totetsu1.TotetsuPDFController2 :
                 43-ミルシート_1X-20670_20221013_730073_20221017.pdf 
2023-05-15 10:06 INFO  totetsu1.TotetsuPDFController2 :
                 43-ミルシート_1X-20670_20221013_730074_20221017.pdf 
2023-05-15 10:06 INFO  totetsu1.TotetsuPDFController2 :
                 43-ミルシート_1X-20670_20221116_739422_20221117.pdf 
2023-05-15 10:06 INFO  totetsu1.TotetsuPDFController2 :
                 43-ミルシート_1X-20670_20221116_739423_20221117.pdf 
2023-05-15 10:06 INFO  totetsu1.TotetsuPDFController2 :
                 43-ミルシート_1X-20670_20221116_739424_20221117.pdf 
2023-05-15 10:06 INFO  totetsu1.TotetsuPDFController2 :
                 43-ミルシート_1X-20670_20221116_739425_20221117.pdf 
2023-05-15 10:06 INFO  totetsu1.TotetsuPDFController2 :
                 43-ミルシート_1X-20670_20221116_739427_20221117.pdf 
2023-05-15 10:06 INFO  totetsu1.TotetsuPDFController2 :
                 43-ミルシート_1X-20754_20230118_752418_20230123.pdf 
2023-05-15 10:06 INFO  totetsu1.TotetsuPDFController2 :
                 43-ミルシート_1X-20754_20230118_752419_20230123.pdf 
2023-05-15 10:06 INFO  totetsu1.TotetsuPDFController2 :
                 43-ミルシート_1X-20754_20230215_759533_20230221.pdf 
2023-05-15 10:06 INFO  totetsu1.TotetsuPDFController2 :
                 43-ミルシート_1X-20754_20230215_759534_20230221.pdf 
2023-05-15 10:06 INFO  totetsu1.TotetsuPDFController2 :
                 43-ミルシート_1X-20754_20230215_759535_20230221.pdf 
2023-05-15 10:06 INFO  totetsu1.TotetsuPDFController2 :
                 43-ミルシート_1X-20754_20230215_759536_20230221.pdf 
2023-05-15 10:06 INFO  totetsu1.TotetsuPDFController2 :
                 43-ミルシート_1X-20754_20230215_759537_20230221.pdf 
2023-05-15 10:06 INFO  totetsu1.TotetsuPDFController2 :
                 43-ミルシート_1X-20754_20230215_759538_20230221.pdf 
2023-05-15 10:06 INFO  totetsu1.TotetsuPDFController2 :
                 43-ミルシート_1X-20756_20230215_759539_20230221.pdf 
2023-05-15 10:06 INFO  totetsu1.TotetsuPDFController2 :
                 43-ミルシート_1X-20890_20230215_759540_20230221.pdf 
2023-05-15 10:06 INFO  totetsu1.TotetsuPDFController2 :
                 43-ミルシート_1X-20890_20230215_759541_20230221.pdf 
2023-05-15 10:06 INFO  totetsu1.TotetsuPDFController2 :
                 43-ミルシート_1X-20890_20230215_759542_20230221.pdf 
2023-05-15 10:06 INFO  totetsu1.TotetsuPDFController2 :
                 43-ミルシート_1X-20890_20230215_759543_20230221.pdf 
2023-05-15 10:06 INFO  totetsu1.TotetsuPDFController2 :
                 43-ミルシート_1X-20890_20230215_759544_20230221.pdf 
2023-05-15 10:06 INFO  totetsu1.TotetsuPDFController2 :
                 43-ミルシート_1X-20890_20230215_759545_20230221.pdf 
2023-05-15 10:06 INFO  totetsu1.TotetsuPDFController2 :
                 43-ミルシート_1X-20890_20230215_759546_20230221.pdf 
2023-05-15 10:06 INFO  totetsu1.TotetsuPDFController2 :
                 43-ミルシート_1X-21229_20230215_759522_20230221.pdf 
2023-05-15 10:06 INFO  totetsu1.TotetsuPDFController2 :
                 43-ミルシート_1X-21229_20230215_759523_20230221.pdf 
2023-05-15 10:06 INFO  totetsu1.TotetsuPDFController2 :
                 43-ミルシート_1X-21229_20230215_759524_20230221.pdf 
2023-05-15 10:06 INFO  totetsu1.TotetsuPDFController2 :
                 43-ミルシート_1X-21230_20230215_759525_20230221.pdf 
2023-05-15 10:06 INFO  totetsu1.TotetsuPDFController2 :
                 43-ミルシート_1X-21230_20230215_759526_20230221.pdf 
2023-05-15 10:06 INFO  totetsu1.TotetsuPDFController2 :
                 43ミルシート_1X-20155_20220713_708166_20220719.pdf 
