2024-03-26 12:30 INFO  SocketTest.server :
                 ----------受信テストパッケージ開始---------- 
2024-03-26 12:30 INFO  SocketTest.server :
                     myIPsetting.xml：ポート番号：11000 
2024-03-26 12:30 INFO  SocketTest.server :
                     myIPsetting.xml：実行プログラム一覧&Runnable作成 
2024-03-26 12:30 INFO  SocketTest.server :
                     myIPsetting.xml：(f00 , %userprofile%\Documents\NetBeansProjects\TotestuPDFController\files\totetuPDFcontroller_start.bat , "stkr-write") 
2024-03-26 12:30 INFO  SocketTest.server :
                     myIPsetting.xml：(f01 , %userprofile%\Documents\NetBeansProjects\TotestuPDFController\files\totetuPDFcontroller_start.bat , "stkr-read") 
2024-03-26 12:30 INFO  SocketTest.server :
                     myIPsetting.xml：(f02 , %userprofile%\Documents\NetBeansProjects\TotestuPDFController\files\TtotetuPDFcontroller_start.bat , "ripc-write") 
2024-03-26 12:30 INFO  SocketTest.server :
                     myIPsetting.xml：(f03 , %userprofile%\Documents\NetBeansProjects\TotestuPDFController\files\totetuPDFcontroller_start.bat , "ripc-read") 
2024-03-26 12:30 INFO  SocketTest.server :
                     myIPsetting.xml：(f04 , %userprofile%\Documents\NetBeansProjects\TotestuPDFController\files\totetuPDFcontroller_start.bat , "read-all") 
2024-03-26 12:30 INFO  SocketTest.server :
                 --------------------------------------------------------------------- 
2024-03-26 12:30 INFO  SocketTest.server :
                 サーバー       ：一応1秒待ちます 
2024-03-26 12:30 INFO  SocketTest.server :
                 サーバー       ：接続開始します 
2024-03-26 12:30 INFO  SocketTest.server :
                 サーバー       ：接続開始しました。信号を待ちます。 
2024-03-26 12:31 INFO  SocketTest.server :
                 サーバー       ：「f00」を受信しました。 
2024-03-26 12:31 INFO  SocketTest.server :
                   ファイル      ：[f00]["stkr-write"]を認識しました 
2024-03-26 12:31 INFO  SocketTest.server :
                   **割り込み    ：trueで過去実行スレッドが作業中・・・false 
2024-03-26 12:31 INFO  SocketTest.server :
                 サーバー       ：終了します。 
2024-03-26 12:31 INFO  SocketTest.server :
                 --------------------------------------------------------------------- 
2024-03-26 12:31 INFO  SocketTest.server :
                 サーバー       ：一応1秒待ちます 
2024-03-26 12:31 INFO  SocketTest.server :
                   **割り込み    ：実行します[f00]["stkr-write"]Tue Mar 26 12:31:25 JST 2024 
2024-03-26 12:31 ERROR SocketTest.server :
                 java.io.IOException: Cannot run program "%userprofile%\Documents\NetBeansProjects\TotestuPDFController\files\totetuPDFcontroller_start.bat": CreateProcess error=2, 指定されたファイルが見つかりません。 
2024-03-26 12:31 INFO  SocketTest.server :
                 サーバー       ：接続開始します 
2024-03-26 12:31 INFO  SocketTest.server :
                 サーバー       ：接続開始しました。信号を待ちます。 
