2023-03-10 12:15 INFO  SocketTest.server :
                 ----------受信テストパッケージ開始---------- 
2023-03-10 12:15 INFO  SocketTest.server :
                     myIPsetting.xml：ポート番号：11000 
2023-03-10 12:15 INFO  SocketTest.server :
                     myIPsetting.xml：実行プログラム一覧&Runnable作成 
2023-03-10 12:15 INFO  SocketTest.server :
                     myIPsetting.xml：(f00 , C:\Users\keita\Documents\NetBeansProjects\TotestuPDFController\files\TotetsuPDFController\totetuPDFcontroller_start.bat , "stkr-write") 
2023-03-10 12:15 INFO  SocketTest.server :
                     myIPsetting.xml：(f01 , C:\Users\keita\Documents\NetBeansProjects\TotestuPDFController\files\TotetsuPDFController\totetuPDFcontroller_start.bat , "stkr-read") 
2023-03-10 12:15 INFO  SocketTest.server :
                     myIPsetting.xml：(f02 , C:\Users\keita\Documents\NetBeansProjects\TotestuPDFController\files\TotetsuPDFController\totetuPDFcontroller_start.bat , "ripc-write") 
2023-03-10 12:15 INFO  SocketTest.server :
                     myIPsetting.xml：(f03 , C:\Users\keita\Documents\NetBeansProjects\TotestuPDFController\files\TotetsuPDFController\totetuPDFcontroller_start.bat , "ripc-read") 
2023-03-10 12:15 INFO  SocketTest.server :
                     myIPsetting.xml：(f04 , C:\Users\keita\Documents\NetBeansProjects\TotestuPDFController\files\TotetsuPDFController\totetuPDFcontroller_start.bat , "read-all") 
2023-03-10 12:15 INFO  SocketTest.server :
                 --------------------------------------------------------------------- 
2023-03-10 12:15 INFO  SocketTest.server :
                 サーバー       ：一応1秒待ちます 
2023-03-10 12:15 INFO  SocketTest.server :
                 サーバー       ：接続開始します 
2023-03-10 12:15 INFO  SocketTest.server :
                 サーバー       ：接続開始しました。信号を待ちます。 
2023-03-10 12:15 INFO  SocketTest.server :
                 サーバー       ：「f00」を受信しました。 
2023-03-10 12:15 INFO  SocketTest.server :
                   ファイル      ：[f00]["stkr-write"]を認識しました 
2023-03-10 12:15 INFO  SocketTest.server :
                   **割り込み    ：trueで過去実行スレッドが作業中・・・false 
2023-03-10 12:15 INFO  SocketTest.server :
                 サーバー       ：終了します。 
2023-03-10 12:15 INFO  SocketTest.server :
                 --------------------------------------------------------------------- 
2023-03-10 12:15 INFO  SocketTest.server :
                 サーバー       ：一応1秒待ちます 
2023-03-10 12:15 INFO  SocketTest.server :
                   **割り込み    ：[f00][C:\Users\keita\Documents\NetBeansProjects\TotestuPDFController\files\TotetsuPDFController\totetuPDFcontroller_start.bat]Fri Mar 10 12:15:33 JST 2023 
2023-03-10 12:15 INFO  SocketTest.server :
                   **割り込み    ：実行します：["stkr-write"] 
2023-03-10 12:15 ERROR SocketTest.server :
                 java.io.IOException: Cannot run program "C:\Users\keita\Documents\NetBeansProjects\TotestuPDFController\files\TotetsuPDFController\totetuPDFcontroller_start.bat": CreateProcess error=2, 指定されたファイルが見つかりません。 
2023-03-10 12:15 INFO  SocketTest.server :
                 サーバー       ：接続開始します 
2023-03-10 12:15 INFO  SocketTest.server :
                 サーバー       ：接続開始しました。信号を待ちます。 
