2023-06-06 18:00 INFO  totetsuH.TotetsuHsectionController :
                 ------------------------------------------------------------- 
2023-06-06 18:00 INFO  totetsuH.TotetsuHsectionController :
                 11-É~ÉãÉVÅ[Ég_1H-30605_20230530_310767_20230601.pdf 
2023-06-06 18:00 INFO  totetsuH.TotetsuHsectionController :
                 î≠çsì˙ÅF2023/5/30ÅQéÛíçî‘çÜÅF1H30605 
2023-06-06 18:00 INFO  totetsuH.TotetsuHsectionController :
                 H 
2023-06-06 18:00 INFO  totetsuH.TotetsuHsectionController :
                   [H450X200X9/14,9.0M,-,1,1,674,U9-0088,368,469,-,27,-,-,-,-,-,-,-,-,-,-,G] 
2023-06-06 18:00 INFO  totetsuH.TotetsuHsectionController :
                     chargeNo: [U9-0088, 11, 20, 42, 23, 12, 24] 
2023-06-06 18:00 INFO  totetsuH.TotetsuHsectionController :
                 H 
2023-06-06 18:00 INFO  totetsuH.TotetsuHsectionController :
                   [H450X200X9/14,9.0M,-,3,3,2022,U9-0093,366,463,-,28,-,-,-,-,-,-,-,-,-,-,G] 
2023-06-06 18:00 INFO  totetsuH.TotetsuHsectionController :
                     chargeNo: [U9-0093, 10, 21, 43, 24, 14, 23] 
2023-06-06 18:00 INFO  totetsuH.TotetsuHsectionController :
                 H 
2023-06-06 18:00 INFO  totetsuH.TotetsuHsectionController :
                   [H450X200X9/14,9.0M,-,1,1,674,U9-0094,373,471,-,27,-,-,-,-,-,-,-,-,-,-,G] 
2023-06-06 18:00 INFO  totetsuH.TotetsuHsectionController :
                     chargeNo: [U9-0094, 8, 20, 66, 20, 12, 24] 
2023-06-06 18:00 INFO  totetsuH.TotetsuHsectionController :
                 S 
2023-06-06 18:00 INFO  totetsuH.TotetsuHsectionController :
                 H 
2023-06-06 18:00 INFO  totetsuH.TotetsuHsectionController :
                   [H450X200X9/141,10.0M,2,-,10,7490,U9-0092,365,462,-,30,-,-,-,-,-,-,-,-,-,-,G] 
2023-06-06 18:00 INFO  totetsuH.TotetsuHsectionController :
                     chargeNo: [U9-0092, 10, 21, 42, 20, 11, 22] 
2023-06-06 18:00 INFO  totetsuH.TotetsuHsectionController :
                 H 
2023-06-06 18:00 INFO  totetsuH.TotetsuHsectionController :
                   [H450X200X9/141,10.0M,1,-,5,3745,U9-0093,366,463,-,28,-,-,-,-,-,-,-,-,-,-,G] 
2023-06-06 18:00 INFO  totetsuH.TotetsuHsectionController :
                     chargeNo: [U9-0093, 10, 21, 43, 24, 14, 23] 
2023-06-06 18:00 INFO  totetsuH.TotetsuHsectionController :
                 S 
2023-06-06 18:00 INFO  totetsuH.TotetsuHsectionController :
                 G 
2023-06-06 18:00 INFO  totetsuH.TotetsuHsectionController :
                 ------------------------------------------------------------- 
2023-06-06 18:00 INFO  totetsuH.TotetsuHsectionController :
                 B61-É~ÉãÉVÅ[Ég_8H-66947_20230518_308331_20230523.pdf 
2023-06-06 18:00 INFO  totetsuH.TotetsuHsectionController :
                 î≠çsì˙ÅF2023/5/18ÅQéÛíçî‘çÜÅF8H66947 
2023-06-06 18:00 INFO  totetsuH.TotetsuHsectionController :
                 - 
2023-06-06 18:00 INFO  totetsuH.TotetsuHsectionController :
                 H 
2023-06-06 18:00 INFO  totetsuH.TotetsuHsectionController :
                   [H350X175X7/111,11.0M,-,1,1,543,U7-9389,305,429,-,33,-,-,-,-,-,-,-,-,-,-,G] 
2023-06-06 18:00 INFO  totetsuH.TotetsuHsectionController :
                     chargeNo: [U7-9389, 8, 21, 44, 14, 10, 22, 6, 15, 1, 20, 4, 12] 
2023-06-06 18:00 INFO  totetsuH.TotetsuHsectionController :
                 S 
2023-06-06 18:00 INFO  totetsuH.TotetsuHsectionController :
                 - 
2023-06-06 18:00 INFO  totetsuH.TotetsuHsectionController :
                 - 
2023-06-06 18:00 INFO  totetsuH.TotetsuHsectionController :
                 - 
2023-06-06 18:00 INFO  totetsuH.TotetsuHsectionController :
                 - 
2023-06-06 18:00 INFO  totetsuH.TotetsuHsectionController :
                 Å¶ 
2023-06-06 18:00 INFO  totetsuH.TotetsuHsectionController :
                   [Å¶ÇPà¯í£ééå±
TensileTest
ãKäiStandardA:JISZ2241B:ASTM
ï˚å¸DirectionofSamplingE:à≥âÑ
à íuLocationofSamplingH:1/4I,TME8/E8MC:EN10
âÑï˚å¸Longitudi
I:1/6J:,002-1D:
nalF:íºäpï˚å¸,Transverse,W:,-,-,Å¶ÇRè’åÇ
Impact,ééå±
Test
ãK
ï˚
à ,äiStanda
å¸Direct
íuLocati,rdA:JISZ2
ionofSampl
onofSampli,2242
ling
ingH,B:ASTMA
E:à≥âÑï˚
:1/4I:1,370C:EN
å¸Longi
/6J:â∑,N10045-1D
itudinalF
ìxTestT,D:
F:íºäpï˚å¸
Temperature,Transvers
K:0ÅéL:,eW:,-,-,-,-] 
2023-06-06 18:00 INFO  totetsuH.TotetsuHsectionController :
                 ------------------------------------------------------------- 
2023-06-06 18:00 INFO  totetsuH.TotetsuHsectionController :
                 B61-É~ÉãÉVÅ[Ég_8H-66947_20230518_308332_20230523.pdf 
2023-06-06 18:00 INFO  totetsuH.TotetsuHsectionController :
                 î≠çsì˙ÅF2023/5/18ÅQéÛíçî‘çÜÅF8H66947 
2023-06-06 18:00 INFO  totetsuH.TotetsuHsectionController :
                 - 
2023-06-06 18:00 INFO  totetsuH.TotetsuHsectionController :
                 H 
2023-06-06 18:00 INFO  totetsuH.TotetsuHsectionController :
                   [H582X300X12/17,7.0M,-,2,2,1862,U7-9734,302,433,-,34,1,68,154,168,163,-,-,-,-,-,G] 
2023-06-06 18:00 INFO  totetsuH.TotetsuHsectionController :
                     chargeNo: [U7-9734, 9, 21, 43, 18, 13, 24, 6, 16, 2, 21, 3, 11] 
2023-06-06 18:00 INFO  totetsuH.TotetsuHsectionController :
                 S 
2023-06-06 18:00 INFO  totetsuH.TotetsuHsectionController :
                 - 
2023-06-06 18:00 INFO  totetsuH.TotetsuHsectionController :
                 - 
2023-06-06 18:00 INFO  totetsuH.TotetsuHsectionController :
                 - 
2023-06-06 18:00 INFO  totetsuH.TotetsuHsectionController :
                 - 
2023-06-06 18:00 INFO  totetsuH.TotetsuHsectionController :
                 Å¶ 
2023-06-06 18:00 INFO  totetsuH.TotetsuHsectionController :
                   [Å¶ÇPà¯í£ééå±
TensileTest
ãKäiStandardA:JISZ2241B:ASTM
ï˚å¸DirectionofSamplingE:à≥âÑ
à íuLocationofSamplingH:1/4I,TME8/E8MC:EN10
âÑï˚å¸Longitudi
I:1/6J:,002-1D:
nalF:íºäpï˚å¸,Transverse,W:,-,-,Å¶ÇRè’åÇ
Impact,ééå±
Test
ãK
ï˚
à ,äiStanda
å¸Direct
íuLocati,rdA:JISZ2
ionofSampl
onofSampli,2242
ling
ingH,B:ASTMA
E:à≥âÑï˚
:1/4I:1,370C:EN
å¸Longi
/6J:â∑,N10045-1D
itudinalF
ìxTestT,D:
F:íºäpï˚å¸
Temperature,Transvers
K:0ÅéL:,S
eW:,:500,0J,-,-] 
2023-06-06 18:00 INFO  totetsuH.TotetsuHsectionController :
                 ------------------------------------------------------------- 
2023-06-06 18:00 INFO  totetsuH.TotetsuHsectionController :
                 B61-É~ÉãÉVÅ[Ég_8H-66947_20230518_308333_20230523.pdf 
2023-06-06 18:00 INFO  totetsuH.TotetsuHsectionController :
                 î≠çsì˙ÅF2023/5/18ÅQéÛíçî‘çÜÅF8H66947 
2023-06-06 18:00 INFO  totetsuH.TotetsuHsectionController :
                 - 
2023-06-06 18:00 INFO  totetsuH.TotetsuHsectionController :
                 H 
2023-06-06 18:00 INFO  totetsuH.TotetsuHsectionController :
                   [H390X300X10/16,9.0M,-,1,1,945,U7-9485,318,436,-,30,1,38,147,160,148,-,-,-,-,-,G] 
2023-06-06 18:00 INFO  totetsuH.TotetsuHsectionController :
                     chargeNo: [U7-9485, 10, 19, 43, 18, 10, 24, 5, 18, 1, 22, 3, 12] 
2023-06-06 18:00 INFO  totetsuH.TotetsuHsectionController :
                 S 
2023-06-06 18:00 INFO  totetsuH.TotetsuHsectionController :
                 - 
2023-06-06 18:00 INFO  totetsuH.TotetsuHsectionController :
                 - 
2023-06-06 18:00 INFO  totetsuH.TotetsuHsectionController :
                 - 
2023-06-06 18:00 INFO  totetsuH.TotetsuHsectionController :
                 - 
2023-06-06 18:00 INFO  totetsuH.TotetsuHsectionController :
                 Å¶ 
2023-06-06 18:00 INFO  totetsuH.TotetsuHsectionController :
                   [Å¶ÇPà¯í£ééå±
TensileTest
ãKäiStandardA:JISZ2241B:ASTM
ï˚å¸DirectionofSamplingE:à≥âÑ
à íuLocationofSamplingH:1/4I,TME8/E8MC:EN10
âÑï˚å¸Longitudi
I:1/6J:,002-1D:
nalF:íºäpï˚å¸,Transverse,W:,-,-,Å¶ÇRè’åÇ
Impact,ééå±
Test
ãK
ï˚
à ,äiStanda
å¸Direct
íuLocati,rdA:JISZ2
ionofSampl
onofSampli,2242
ling
ingH,B:ASTMA
E:à≥âÑï˚
:1/4I:1,370C:EN
å¸Longi
/6J:â∑,N10045-1D
itudinalF
ìxTestT,D:
F:íºäpï˚å¸
Temperature,Transvers
K:0ÅéL:,S
eW:,:500,0J,-,-] 
2023-06-06 18:00 INFO  totetsuH.TotetsuHsectionController :
                 ------------------------------------------------------------- 
2023-06-06 18:00 INFO  totetsuH.TotetsuHsectionController :
                 B61-É~ÉãÉVÅ[Ég_8H-66947_20230518_308334_20230523.pdf 
2023-06-06 18:00 INFO  totetsuH.TotetsuHsectionController :
                 î≠çsì˙ÅF2023/5/18ÅQéÛíçî‘çÜÅF8H66947 
2023-06-06 18:00 INFO  totetsuH.TotetsuHsectionController :
                 - 
2023-06-06 18:00 INFO  totetsuH.TotetsuHsectionController :
                 H 
2023-06-06 18:00 INFO  totetsuH.TotetsuHsectionController :
                   [H450X200X9/14,7.5M,-,1,1,562,U7-9659,329,464,-,30,1,47,170,141,153,-,-,-,-,-,G] 
2023-06-06 18:00 INFO  totetsuH.TotetsuHsectionController :
                     chargeNo: [U7-9659, 11, 17, 43, 19, 10, 23, 4, 21, 2, 24, 4, 12] 
2023-06-06 18:00 INFO  totetsuH.TotetsuHsectionController :
                 S 
2023-06-06 18:00 INFO  totetsuH.TotetsuHsectionController :
                 H 
2023-06-06 18:00 INFO  totetsuH.TotetsuHsectionController :
                   [H450X200X9/14,8.0M,-,1,1,599,U7-9659,329,464,-,30,1,47,170,141,153,-,-,-,-,-,G] 
2023-06-06 18:00 INFO  totetsuH.TotetsuHsectionController :
                     chargeNo: [U7-9659, 11, 17, 43, 19, 10, 23, 4, 21, 2, 24, 4, 12] 
2023-06-06 18:00 INFO  totetsuH.TotetsuHsectionController :
                 S 
2023-06-06 18:00 INFO  totetsuH.TotetsuHsectionController :
                 H 
2023-06-06 18:00 INFO  totetsuH.TotetsuHsectionController :
                   [H450X200X9/14,9.5M,-,1,1,712,U7-9659,329,464,-,30,1,47,170,141,153,-,-,-,-,-,G] 
2023-06-06 18:00 INFO  totetsuH.TotetsuHsectionController :
                     chargeNo: [U7-9659, 11, 17, 43, 19, 10, 23, 4, 21, 2, 24, 4, 12] 
2023-06-06 18:00 INFO  totetsuH.TotetsuHsectionController :
                 S 
2023-06-06 18:00 INFO  totetsuH.TotetsuHsectionController :
                 Å¶ 
2023-06-06 18:00 INFO  totetsuH.TotetsuHsectionController :
                   [Å¶ÇPà¯í£ééå±
TensileTest
ãKäiStandardA:JISZ2241B:ASTM
ï˚å¸DirectionofSamplingE:à≥âÑ
à íuLocationofSamplingH:1/4I,TME8/E8MC:EN10
âÑï˚å¸Longitudi
I:1/6J:,002-1D:
nalF:íºäpï˚å¸,Transverse,W:,-,-,Å¶ÇRè’åÇ
Impact,ééå±
Test
ãK
ï˚
à ,äiStanda
å¸Direct
íuLocati,rdA:JISZ2
ionofSampl
onofSampli,2242
ling
ingH,B:ASTMA
E:à≥âÑï˚
:1/4I:1,370C:EN
å¸Longi
/6J:â∑,N10045-1D
itudinalF
ìxTestT,D:
F:íºäpï˚å¸
Temperature,Transvers
K:0ÅéL:,S
eW:,:500,0J,-,-] 
2023-06-06 18:00 INFO  totetsuH.TotetsuHsectionController :
                 ------------------------------------------------------------- 
2023-06-06 18:00 INFO  totetsuH.TotetsuHsectionController :
                 B61-É~ÉãÉVÅ[Ég_8H-66947_20230518_308335_20230523.pdf 
2023-06-06 18:00 INFO  totetsuH.TotetsuHsectionController :
                 î≠çsì˙ÅF2023/5/18ÅQéÛíçî‘çÜÅF8H66947 
2023-06-06 18:00 INFO  totetsuH.TotetsuHsectionController :
                 - 
2023-06-06 18:00 INFO  totetsuH.TotetsuHsectionController :
                 - 
2023-06-06 18:00 INFO  totetsuH.TotetsuHsectionController :
                 - 
2023-06-06 18:00 INFO  totetsuH.TotetsuHsectionController :
                 - 
2023-06-06 18:00 INFO  totetsuH.TotetsuHsectionController :
                 - 
2023-06-06 18:00 INFO  totetsuH.TotetsuHsectionController :
                 - 
2023-06-06 18:00 INFO  totetsuH.TotetsuHsectionController :
                 G 
2023-06-06 18:00 INFO  totetsuH.TotetsuHsectionController :
                 Å¶ 
2023-06-06 18:00 INFO  totetsuH.TotetsuHsectionController :
                   [Å¶ÇPà¯í£ééå±
TensileTest
ãKäiStandardA:JISZ2241B:ASTM
ï˚å¸DirectionofSamplingE:à≥âÑ
à íuLocationofSamplingH:1/4I,TME8/E8MC:EN10
âÑï˚å¸Longitudi
I:1/6J:,002-1D:
nalF:íºäpï˚å¸,Transverse,W:,-,-,Å¶ÇRè’åÇ
Impact,ééå±
Test
ãK
ï˚
à ,äiStanda
å¸Direct
íuLocati,rdA:JISZ2
ionofSampl
onofSampli,2242
ling
ingH,B:ASTMA
E:à≥âÑï˚
:1/4I:1,370C:EN
å¸Longi
/6J:â∑,N10045-1D
itudinalF
ìxTestT,D:
F:íºäpï˚å¸
Temperature,Transvers
K:0ÅéL:,S
eW:,:500,0J,-,-] 
