2023-06-05 09:19 INFO  totetsu1.TotetsuHsectionController :
                 2023/5/30 
2023-06-05 09:19 INFO  totetsu1.TotetsuHsectionController :
                 1H28742 
2023-06-05 09:19 INFO  totetsu1.TotetsuHsectionController :
                 [0, 199, 1, 4, 5274, U9-0098, 363, null, null, null, null, null, 9] 
2023-06-05 09:19 INFO  totetsu1.TotetsuHsectionController :
                 2023/5/30 
2023-06-05 09:19 INFO  totetsu1.TotetsuHsectionController :
                 1H28742 
2023-06-05 09:19 INFO  totetsu1.TotetsuHsectionController :
                 [0, 199, 1, 1, U9-0096, 372, 475, null, null, null, null, null, 456] 
2023-06-05 09:19 INFO  totetsu1.TotetsuHsectionController :
                 2023/5/30 
2023-06-05 09:19 INFO  totetsu1.TotetsuHsectionController :
                 1H28742 
2023-06-05 09:19 INFO  totetsu1.TotetsuHsectionController :
                 [0, 199, 2, 2, 7812, U9-0100, 362, null, null, null, null, null, 12] 
2023-06-05 09:19 INFO  totetsu1.TotetsuHsectionController :
                 2023/5/30 
2023-06-05 09:19 INFO  totetsu1.TotetsuHsectionController :
                 1H30605 
2023-06-05 09:19 INFO  totetsu1.TotetsuHsectionController :
                 [0, 200, 1, 1, U9-0088, 368, 469, null, null, null, null, null, 674] 
2023-06-05 09:19 INFO  totetsu1.TotetsuHsectionController :
                 2023/5/30 
2023-06-05 09:19 INFO  totetsu1.TotetsuHsectionController :
                 1H27850 
2023-06-05 09:19 INFO  totetsu1.TotetsuHsectionController :
                 [0, 300, 1, 1, U9-0058, 309, 435, null, null, null, null, null, 931] 
2023-06-05 09:19 INFO  totetsu1.TotetsuHsectionController :
                 2023/5/30 
2023-06-05 09:19 INFO  totetsu1.TotetsuHsectionController :
                 1H27850 
2023-06-05 09:19 INFO  totetsu1.TotetsuHsectionController :
                 [0, 300, 1, 3, U9-0030, 322, 441, null, null, null, null, null, 3087] 
2023-06-05 09:19 INFO  totetsu1.TotetsuHsectionController :
                 2023/5/30 
2023-06-05 09:19 INFO  totetsu1.TotetsuHsectionController :
                 1H27850 
2023-06-05 09:19 INFO  totetsu1.TotetsuHsectionController :
                 [0, 300, 2, 6, U9-0030, 322, 441, null, null, null, null, null, 6174] 
2023-06-05 09:19 INFO  totetsu1.TotetsuHsectionController :
                 2023/5/30 
2023-06-05 09:19 INFO  totetsu1.TotetsuHsectionController :
                 1H27850 
2023-06-05 09:19 INFO  totetsu1.TotetsuHsectionController :
                 [0, 300, 2, 2, U9-0049, 322, 446, null, null, null, null, null, 2646] 
