2023-06-05 09:24 INFO  totetsu1.TotetsuHsectionController :
                 2023/5/30 
2023-06-05 09:24 INFO  totetsu1.TotetsuHsectionController :
                 1H28742 
2023-06-05 09:24 ERROR totetsu1.TotetsuHsectionController :
                 java.lang.ArrayIndexOutOfBoundsException: Index 0 out of bounds for length 0 
2023-06-05 09:24 ERROR totetsu1.TotetsuHsectionController :
                 ìåìSÇÃPDFÇ≈ÇÕÇ†ÇËÇ‹ÇπÇÒÅB 
2023-06-05 09:24 INFO  totetsu1.TotetsuHsectionController :
                 2023/5/30 
2023-06-05 09:24 INFO  totetsu1.TotetsuHsectionController :
                 1H28742 
2023-06-05 09:24 ERROR totetsu1.TotetsuHsectionController :
                 java.lang.ArrayIndexOutOfBoundsException: Index 0 out of bounds for length 0 
2023-06-05 09:24 ERROR totetsu1.TotetsuHsectionController :
                 ìåìSÇÃPDFÇ≈ÇÕÇ†ÇËÇ‹ÇπÇÒÅB 
2023-06-05 09:24 INFO  totetsu1.TotetsuHsectionController :
                 2023/5/30 
2023-06-05 09:24 INFO  totetsu1.TotetsuHsectionController :
                 1H28742 
2023-06-05 09:24 ERROR totetsu1.TotetsuHsectionController :
                 java.lang.ArrayIndexOutOfBoundsException: Index 0 out of bounds for length 0 
2023-06-05 09:24 ERROR totetsu1.TotetsuHsectionController :
                 ìåìSÇÃPDFÇ≈ÇÕÇ†ÇËÇ‹ÇπÇÒÅB 
2023-06-05 09:24 INFO  totetsu1.TotetsuHsectionController :
                 2023/5/30 
2023-06-05 09:24 INFO  totetsu1.TotetsuHsectionController :
                 1H30605 
2023-06-05 09:24 ERROR totetsu1.TotetsuHsectionController :
                 java.lang.ArrayIndexOutOfBoundsException: Index 0 out of bounds for length 0 
2023-06-05 09:24 ERROR totetsu1.TotetsuHsectionController :
                 ìåìSÇÃPDFÇ≈ÇÕÇ†ÇËÇ‹ÇπÇÒÅB 
2023-06-05 09:24 INFO  totetsu1.TotetsuHsectionController :
                 2023/5/30 
2023-06-05 09:24 INFO  totetsu1.TotetsuHsectionController :
                 1H27850 
2023-06-05 09:24 ERROR totetsu1.TotetsuHsectionController :
                 java.lang.ArrayIndexOutOfBoundsException: Index 0 out of bounds for length 0 
2023-06-05 09:24 ERROR totetsu1.TotetsuHsectionController :
                 ìåìSÇÃPDFÇ≈ÇÕÇ†ÇËÇ‹ÇπÇÒÅB 
2023-06-05 09:24 INFO  totetsu1.TotetsuHsectionController :
                 2023/5/30 
2023-06-05 09:24 INFO  totetsu1.TotetsuHsectionController :
                 1H27850 
2023-06-05 09:24 ERROR totetsu1.TotetsuHsectionController :
                 java.lang.ArrayIndexOutOfBoundsException: Index 0 out of bounds for length 0 
2023-06-05 09:24 ERROR totetsu1.TotetsuHsectionController :
                 ìåìSÇÃPDFÇ≈ÇÕÇ†ÇËÇ‹ÇπÇÒÅB 
2023-06-05 09:24 INFO  totetsu1.TotetsuHsectionController :
                 2023/5/30 
2023-06-05 09:24 INFO  totetsu1.TotetsuHsectionController :
                 1H27850 
2023-06-05 09:24 ERROR totetsu1.TotetsuHsectionController :
                 java.lang.ArrayIndexOutOfBoundsException: Index 0 out of bounds for length 0 
2023-06-05 09:24 ERROR totetsu1.TotetsuHsectionController :
                 ìåìSÇÃPDFÇ≈ÇÕÇ†ÇËÇ‹ÇπÇÒÅB 
2023-06-05 09:24 INFO  totetsu1.TotetsuHsectionController :
                 2023/5/30 
2023-06-05 09:24 INFO  totetsu1.TotetsuHsectionController :
                 1H27850 
2023-06-05 09:24 ERROR totetsu1.TotetsuHsectionController :
                 java.lang.ArrayIndexOutOfBoundsException: Index 0 out of bounds for length 0 
2023-06-05 09:24 ERROR totetsu1.TotetsuHsectionController :
                 ìåìSÇÃPDFÇ≈ÇÕÇ†ÇËÇ‹ÇπÇÒÅB 
