2023-03-10 10:26 INFO  SocketTest.server :
                 送受信テストパッケージ開始 
2023-03-10 10:26 INFO  SocketTest.server :
                 ポート番号：11000 
2023-03-10 10:26 INFO  SocketTest.server :
                 実行プログラム一覧&Runnable作成 
2023-03-10 10:26 INFO  SocketTest.server :
                 (0 , files\totetuPDFcontroller_start.bat) 
2023-03-10 10:26 INFO  SocketTest.server :
                 (1 , files\totetuPDFcontroller_start.bat) 
2023-03-10 10:26 INFO  SocketTest.server :
                 サーバー：一応1秒待ちます 
2023-03-10 10:26 INFO  SocketTest.server :
                 サーバー：接続開始します： 
2023-03-10 10:27 INFO  SocketTest.server :
                 サーバー：受信しました： 
2023-03-10 10:27 INFO  SocketTest.server :
                 サーバー：「0」を受信しました。 
2023-03-10 10:27 INFO  SocketTest.server :
                 [0][files\totetuPDFcontroller_start.bat]を実行します 
2023-03-10 10:27 INFO  SocketTest.server :
                 	実行中かどうか：false 
2023-03-10 10:27 INFO  SocketTest.server :
                 NEW 
2023-03-10 10:27 INFO  SocketTest.server :
                 	実行します：files\totetuPDFcontroller_start.bat	 
2023-03-10 10:27 INFO  SocketTest.server :
                 サーバー：終了します。 
2023-03-10 10:27 INFO  SocketTest.server :
                 サーバー：一応1秒待ちます 
2023-03-10 10:27 INFO  SocketTest.server :
                 サーバー：接続開始します： 
2023-03-10 10:27 INFO  SocketTest.server :
                 サーバー：受信しました： 
2023-03-10 10:27 INFO  SocketTest.server :
                 サーバー：「0」を受信しました。 
2023-03-10 10:27 INFO  SocketTest.server :
                 [0][files\totetuPDFcontroller_start.bat]を実行します 
2023-03-10 10:27 INFO  SocketTest.server :
                 	実行中かどうか：true 
2023-03-10 10:27 INFO  SocketTest.server :
                 	同じファイルが動作中のため、信号：0はスキップしました 
2023-03-10 10:27 INFO  SocketTest.server :
                 サーバー：終了します。 
2023-03-10 10:27 INFO  SocketTest.server :
                 サーバー：一応1秒待ちます 
2023-03-10 10:27 INFO  SocketTest.server :
                 サーバー：接続開始します： 
2023-03-10 10:28 INFO  SocketTest.server :
                 	実行終了しました 
