2023-03-09 22:05 INFO  SocketTest.server :
                 //送受信テストパッケージ開始 
2023-03-09 22:05 INFO  SocketTest.server :
                 //ポート番号：11000 
2023-03-09 22:05 INFO  SocketTest.server :
                 //[0, 1] 
2023-03-09 22:05 INFO  SocketTest.server :
                 //[files\totetuPDFcontroller_start.bat, files\totetuPDFcontroller_start.bat] 
2023-03-09 22:05 INFO  SocketTest.server :
                 //「0」を受信しました。 
2023-03-09 22:05 INFO  SocketTest.server :
                 //実行します：files\totetuPDFcontroller_start.bat 
2023-03-09 22:05 INFO  SocketTest.server :
                 //cmd.exe /c start files\totetuPDFcontroller_start.bat実行中 
2023-03-09 22:05 INFO  SocketTest.server :
                 //実行終了 
2023-03-09 22:05 INFO  SocketTest.server :
                 //一応10秒待ちます 
2023-03-09 22:05 INFO  SocketTest.server :
                 //受信完了 
2023-03-09 22:08 INFO  SocketTest.server :
                 //「0」を受信しました。 
2023-03-09 22:08 INFO  SocketTest.server :
                 //実行します：files\totetuPDFcontroller_start.bat 
2023-03-09 22:08 INFO  SocketTest.server :
                 //cmd.exe /c start files\totetuPDFcontroller_start.bat実行中 
2023-03-09 22:08 INFO  SocketTest.server :
                 //実行終了 
2023-03-09 22:08 INFO  SocketTest.server :
                 //一応10秒待ちます 
2023-03-09 22:08 INFO  SocketTest.server :
                 //受信完了 
